<?xml version="1.0" encoding="UTF-8"?>
<testsuite xmlns:xsi="http://www.w3.org/2001/XMLSchema-instance" xsi:noNamespaceSchemaLocation="https://maven.apache.org/surefire/maven-surefire-plugin/xsd/surefire-test-report-3.0.xsd" version="3.0" name="com.in28minutes.springboot.learn_spring_boot.LearnSpringBootApplicationTests" time="2.995" tests="1" errors="0" skipped="0" failures="0">
  <properties>
[...]
</properties>
  <testcase name="contextLoads" classname="com.in28minutes.springboot.learn_spring_boot.LearnSpringBootApplicationTests" time="0.865">
    <system-out><![CDATA[00:20:32.741 [main] INFO org.springframework.test.context.support.AnnotationConfigContextLoaderUtils -- Could not detect default configuration classes for test class [com.in28minutes.springboot.learn_spring_boot.LearnSpringBootApplicationTests]: LearnSpringBootApplicationTests does not declare any static, non-private, non-final, nested classes annotated with @Configuration.
00:20:32.849 [main] INFO org.springframework.boot.test.context.SpringBootTestContextBootstrapper -- Found @SpringBootConfiguration com.in28minutes.springboot.learn_spring_boot.LearnSpringBootApplication for test class com.in28minutes.springboot.learn_spring_boot.LearnSpringBootApplicationTests
00:20:33.018 [main] INFO org.springframework.boot.devtools.restart.RestartApplicationListener -- Restart disabled due to context in which it is running
2024-05-31T00:20:33.227+09:00 TRACE 25392 --- [learn-spring-boot] [           main] o.s.c.io.support.SpringFactoriesLoader   : Loaded [org.springframework.boot.ApplicationContextFactory] names: [org.springframework.boot.web.reactive.context.ReactiveWebServerApplicationContextFactory, org.springframework.boot.web.servlet.context.ServletWebServerApplicationContextFactory]
  .   ____          _            __ _ _
 /\\ / ___'_ __ _ _(_)_ __  __ _ \ \ \ \
( ( )\___ | '_ | '_| | '_ \/ _` | \ \ \ \
 \\/  ___)| |_)| | | | | || (_| |  ) ) ) )
  '  |____| .__|_| |_|_| |_\__, | / / / /
 =========|_|==============|___/=/_/_/_/

 :: Spring Boot ::                (v3.3.0)

2024-05-31T00:20:33.269+09:00 TRACE 25392 --- [learn-spring-boot] [           main] o.s.b.f.s.DefaultListableBeanFactory     : Registering scope 'restart' with implementation [org.springframework.boot.devtools.restart.RestartScopeInitializer$RestartScope@1bdaa23d]
2024-05-31T00:20:33.277+09:00  INFO 25392 --- [learn-spring-boot] [           main] c.i.s.l.LearnSpringBootApplicationTests  : Starting LearnSpringBootApplicationTests using Java 17.0.9 with PID 25392 (started by 82107 in C:\Users\82107\Desktop\Udemy_Spring_Study\learn-spring-boot\learn-spring-boot)
2024-05-31T00:20:33.278+09:00  INFO 25392 --- [learn-spring-boot] [           main] c.i.s.l.LearnSpringBootApplicationTests  : The following 1 profile is active: "dev"
2024-05-31T00:20:33.279+09:00 DEBUG 25392 --- [learn-spring-boot] [           main] o.s.boot.SpringApplication               : Loading source class com.in28minutes.springboot.learn_spring_boot.LearnSpringBootApplication
2024-05-31T00:20:33.296+09:00 TRACE 25392 --- [learn-spring-boot] [           main] o.s.c.a.ClassPathBeanDefinitionScanner   : JSR-250 'jakarta.annotation.ManagedBean' found and supported for component scanning
2024-05-31T00:20:33.308+09:00 TRACE 25392 --- [learn-spring-boot] [           main] uePropertySourceEnvironmentPostProcessor : RandomValuePropertySource add to Environment
2024-05-31T00:20:33.309+09:00 TRACE 25392 --- [learn-spring-boot] [           main] b.c.c.ConfigDataEnvironmentPostProcessor : Post-processing environment to add config data
2024-05-31T00:20:33.309+09:00 TRACE 25392 --- [learn-spring-boot] [           main] o.s.b.c.config.ConfigDataEnvironment     : Building config data environment contributors
2024-05-31T00:20:33.309+09:00 TRACE 25392 --- [learn-spring-boot] [           main] o.s.b.c.config.ConfigDataEnvironment     : Creating wrapped config data contributor for 'Inlined Test Properties'
2024-05-31T00:20:33.309+09:00 TRACE 25392 --- [learn-spring-boot] [           main] o.s.b.c.config.ConfigDataEnvironment     : Creating wrapped config data contributor for 'configurationProperties'
2024-05-31T00:20:33.309+09:00 TRACE 25392 --- [learn-spring-boot] [           main] o.s.b.c.config.ConfigDataEnvironment     : Creating wrapped config data contributor for 'servletConfigInitParams'
2024-05-31T00:20:33.309+09:00 TRACE 25392 --- [learn-spring-boot] [           main] o.s.b.c.config.ConfigDataEnvironment     : Creating wrapped config data contributor for 'servletContextInitParams'
2024-05-31T00:20:33.309+09:00 TRACE 25392 --- [learn-spring-boot] [           main] o.s.b.c.config.ConfigDataEnvironment     : Creating wrapped config data contributor for 'systemProperties'
2024-05-31T00:20:33.309+09:00 TRACE 25392 --- [learn-spring-boot] [           main] o.s.b.c.config.ConfigDataEnvironment     : Creating wrapped config data contributor for 'systemEnvironment'
2024-05-31T00:20:33.309+09:00 TRACE 25392 --- [learn-spring-boot] [           main] o.s.b.c.config.ConfigDataEnvironment     : Creating wrapped config data contributor for 'random'
2024-05-31T00:20:33.309+09:00 TRACE 25392 --- [learn-spring-boot] [           main] o.s.b.c.config.ConfigDataEnvironment     : Adding initial config data import from location 'optional:file:./;optional:file:./config/;optional:file:./config/*/'
2024-05-31T00:20:33.310+09:00 TRACE 25392 --- [learn-spring-boot] [           main] o.s.b.c.config.ConfigDataEnvironment     : Adding initial config data import from location 'optional:classpath:/;optional:classpath:/config/'
2024-05-31T00:20:33.310+09:00 TRACE 25392 --- [learn-spring-boot] [           main] o.s.b.c.config.ConfigDataEnvironment     : Processing initial config data environment contributors without activation context
2024-05-31T00:20:33.310+09:00 TRACE 25392 --- [learn-spring-boot] [           main] .b.c.c.ConfigDataEnvironmentContributors : Processing imports for phase BEFORE_PROFILE_ACTIVATION. no activation context
2024-05-31T00:20:33.310+09:00 TRACE 25392 --- [learn-spring-boot] [           main] .b.c.c.ConfigDataEnvironmentContributors : Processing imports [optional:file:./;optional:file:./config/;optional:file:./config/*/]
2024-05-31T00:20:33.310+09:00 TRACE 25392 --- [learn-spring-boot] [           main] b.c.c.StandardConfigDataLocationResolver : Skipping missing resource file:./application.yaml
2024-05-31T00:20:33.310+09:00 TRACE 25392 --- [learn-spring-boot] [           main] b.c.c.StandardConfigDataLocationResolver : Skipping missing resource file:./application.yml
2024-05-31T00:20:33.310+09:00 TRACE 25392 --- [learn-spring-boot] [           main] b.c.c.StandardConfigDataLocationResolver : Skipping missing resource file:./application.xml
2024-05-31T00:20:33.310+09:00 TRACE 25392 --- [learn-spring-boot] [           main] b.c.c.StandardConfigDataLocationResolver : Skipping missing resource file:./application.properties
2024-05-31T00:20:33.311+09:00 TRACE 25392 --- [learn-spring-boot] [           main] b.c.c.StandardConfigDataLocationResolver : Skipping missing resource file:./config/application.yaml
2024-05-31T00:20:33.311+09:00 TRACE 25392 --- [learn-spring-boot] [           main] b.c.c.StandardConfigDataLocationResolver : Skipping missing resource file:./config/application.yml
2024-05-31T00:20:33.311+09:00 TRACE 25392 --- [learn-spring-boot] [           main] b.c.c.StandardConfigDataLocationResolver : Skipping missing resource file:./config/application.xml
2024-05-31T00:20:33.311+09:00 TRACE 25392 --- [learn-spring-boot] [           main] b.c.c.StandardConfigDataLocationResolver : Skipping missing resource file:./config/application.properties
2024-05-31T00:20:33.311+09:00 TRACE 25392 --- [learn-spring-boot] [           main] o.s.b.context.config.ConfigDataImporter  : Considering resource file [.] from location optional:file:./;optional:file:./config/;optional:file:./config/*/
2024-05-31T00:20:33.312+09:00 TRACE 25392 --- [learn-spring-boot] [           main] o.s.b.context.config.ConfigDataLoaders   : Loading file [.] using loader org.springframework.boot.context.config.StandardConfigDataLoader
2024-05-31T00:20:33.312+09:00 TRACE 25392 --- [learn-spring-boot] [           main] o.s.b.context.config.ConfigDataImporter  : Loaded resource file [.] from location optional:file:./;optional:file:./config/;optional:file:./config/*/
2024-05-31T00:20:33.315+09:00 TRACE 25392 --- [learn-spring-boot] [           main] .b.c.c.ConfigDataEnvironmentContributors : Imported 1 resource [file [.]]
2024-05-31T00:20:33.315+09:00 TRACE 25392 --- [learn-spring-boot] [           main] .b.c.c.ConfigDataEnvironmentContributors : Processing imports [optional:classpath:/;optional:classpath:/config/]
2024-05-31T00:20:33.315+09:00 TRACE 25392 --- [learn-spring-boot] [           main] b.c.c.StandardConfigDataLocationResolver : Skipping missing resource classpath:/application.yaml
2024-05-31T00:20:33.315+09:00 TRACE 25392 --- [learn-spring-boot] [           main] b.c.c.StandardConfigDataLocationResolver : Skipping missing resource classpath:/application.yml
2024-05-31T00:20:33.315+09:00 TRACE 25392 --- [learn-spring-boot] [           main] b.c.c.StandardConfigDataLocationResolver : Skipping missing resource classpath:/application.xml
2024-05-31T00:20:33.315+09:00 TRACE 25392 --- [learn-spring-boot] [           main] b.c.c.StandardConfigDataLocationResolver : Skipping missing resource classpath:/config/application.yaml
2024-05-31T00:20:33.315+09:00 TRACE 25392 --- [learn-spring-boot] [           main] b.c.c.StandardConfigDataLocationResolver : Skipping missing resource classpath:/config/application.yml
2024-05-31T00:20:33.316+09:00 TRACE 25392 --- [learn-spring-boot] [           main] b.c.c.StandardConfigDataLocationResolver : Skipping missing resource classpath:/config/application.xml
2024-05-31T00:20:33.316+09:00 TRACE 25392 --- [learn-spring-boot] [           main] b.c.c.StandardConfigDataLocationResolver : Skipping missing resource classpath:/config/application.properties
2024-05-31T00:20:33.316+09:00 TRACE 25392 --- [learn-spring-boot] [           main] o.s.b.context.config.ConfigDataImporter  : Considering resource class path resource [application.properties] from location optional:classpath:/;optional:classpath:/config/
2024-05-31T00:20:33.316+09:00 TRACE 25392 --- [learn-spring-boot] [           main] o.s.b.context.config.ConfigDataLoaders   : Loading class path resource [application.properties] using loader org.springframework.boot.context.config.StandardConfigDataLoader
2024-05-31T00:20:33.316+09:00 TRACE 25392 --- [learn-spring-boot] [           main] o.s.b.context.config.ConfigDataImporter  : Loaded resource class path resource [application.properties] from location optional:classpath:/;optional:classpath:/config/
2024-05-31T00:20:33.316+09:00 TRACE 25392 --- [learn-spring-boot] [           main] .b.c.c.ConfigDataEnvironmentContributors : Imported 1 resource [class path resource [application.properties]]
2024-05-31T00:20:33.316+09:00 TRACE 25392 --- [learn-spring-boot] [           main] .b.c.c.ConfigDataEnvironmentContributors : Processed imports for of 2 contributors
2024-05-31T00:20:33.316+09:00 TRACE 25392 --- [learn-spring-boot] [           main] o.s.b.c.config.ConfigDataEnvironment     : Creating config data activation context from initial contributions
2024-05-31T00:20:33.317+09:00 TRACE 25392 --- [learn-spring-boot] [           main] o.s.b.c.config.ConfigDataEnvironment     : Processing config data environment contributors with initial activation context
2024-05-31T00:20:33.318+09:00 TRACE 25392 --- [learn-spring-boot] [           main] .b.c.c.ConfigDataEnvironmentContributors : Processing imports for phase BEFORE_PROFILE_ACTIVATION. [ConfigDataActivationContext@4d666b41 cloudPlatform = [null], profiles = [null]]
2024-05-31T00:20:33.318+09:00 TRACE 25392 --- [learn-spring-boot] [           main] .b.c.c.ConfigDataEnvironmentContributors : Processed imports for of 0 contributors
2024-05-31T00:20:33.318+09:00 TRACE 25392 --- [learn-spring-boot] [           main] o.s.b.c.config.ConfigDataEnvironment     : Deducing profiles from current config data environment contributors
2024-05-31T00:20:33.319+09:00 TRACE 25392 --- [learn-spring-boot] [           main] o.s.b.c.config.ConfigDataEnvironment     : Processing config data environment contributors with profile activation context
2024-05-31T00:20:33.319+09:00 TRACE 25392 --- [learn-spring-boot] [           main] .b.c.c.ConfigDataEnvironmentContributors : Processing imports for phase AFTER_PROFILE_ACTIVATION. [ConfigDataActivationContext@6594402a cloudPlatform = [null], profiles = [Profiles@30f4b1a6 active = '[dev]', default = '[default]', accepted = '[dev]']]
2024-05-31T00:20:33.319+09:00 TRACE 25392 --- [learn-spring-boot] [           main] .b.c.c.ConfigDataEnvironmentContributors : Processing imports [optional:file:./;optional:file:./config/;optional:file:./config/*/]
2024-05-31T00:20:33.319+09:00 TRACE 25392 --- [learn-spring-boot] [           main] b.c.c.StandardConfigDataLocationResolver : Skipping missing resource file:./application.yaml
2024-05-31T00:20:33.319+09:00 TRACE 25392 --- [learn-spring-boot] [           main] b.c.c.StandardConfigDataLocationResolver : Skipping missing resource file:./application.yml
2024-05-31T00:20:33.319+09:00 TRACE 25392 --- [learn-spring-boot] [           main] b.c.c.StandardConfigDataLocationResolver : Skipping missing resource file:./application.xml
2024-05-31T00:20:33.319+09:00 TRACE 25392 --- [learn-spring-boot] [           main] b.c.c.StandardConfigDataLocationResolver : Skipping missing resource file:./application.properties
2024-05-31T00:20:33.319+09:00 TRACE 25392 --- [learn-spring-boot] [           main] b.c.c.StandardConfigDataLocationResolver : Skipping missing resource file:./config/application.yaml
2024-05-31T00:20:33.320+09:00 TRACE 25392 --- [learn-spring-boot] [           main] b.c.c.StandardConfigDataLocationResolver : Skipping missing resource file:./config/application.yml
2024-05-31T00:20:33.320+09:00 TRACE 25392 --- [learn-spring-boot] [           main] b.c.c.StandardConfigDataLocationResolver : Skipping missing resource file:./config/application.xml
2024-05-31T00:20:33.320+09:00 TRACE 25392 --- [learn-spring-boot] [           main] b.c.c.StandardConfigDataLocationResolver : Skipping missing resource file:./config/application.properties
2024-05-31T00:20:33.320+09:00 TRACE 25392 --- [learn-spring-boot] [           main] b.c.c.StandardConfigDataLocationResolver : Skipping missing resource file:./application-dev.yaml
2024-05-31T00:20:33.320+09:00 TRACE 25392 --- [learn-spring-boot] [           main] b.c.c.StandardConfigDataLocationResolver : Skipping missing resource file:./application-dev.yml
2024-05-31T00:20:33.320+09:00 TRACE 25392 --- [learn-spring-boot] [           main] b.c.c.StandardConfigDataLocationResolver : Skipping missing resource file:./application-dev.xml
2024-05-31T00:20:33.320+09:00 TRACE 25392 --- [learn-spring-boot] [           main] b.c.c.StandardConfigDataLocationResolver : Skipping missing resource file:./application-dev.properties
2024-05-31T00:20:33.320+09:00 TRACE 25392 --- [learn-spring-boot] [           main] b.c.c.StandardConfigDataLocationResolver : Skipping missing resource file:./config/application-dev.yaml
2024-05-31T00:20:33.320+09:00 TRACE 25392 --- [learn-spring-boot] [           main] b.c.c.StandardConfigDataLocationResolver : Skipping missing resource file:./config/application-dev.yml
2024-05-31T00:20:33.320+09:00 TRACE 25392 --- [learn-spring-boot] [           main] b.c.c.StandardConfigDataLocationResolver : Skipping missing resource file:./config/application-dev.xml
2024-05-31T00:20:33.320+09:00 TRACE 25392 --- [learn-spring-boot] [           main] b.c.c.StandardConfigDataLocationResolver : Skipping missing resource file:./config/application-dev.properties
2024-05-31T00:20:33.321+09:00 TRACE 25392 --- [learn-spring-boot] [           main] o.s.b.context.config.ConfigDataImporter  : Considering resource file [.] from location optional:file:./;optional:file:./config/;optional:file:./config/*/
2024-05-31T00:20:33.321+09:00 TRACE 25392 --- [learn-spring-boot] [           main] o.s.b.context.config.ConfigDataImporter  : Already loaded resource file [.] ignoring location optional:file:./;optional:file:./config/;optional:file:./config/*/
2024-05-31T00:20:33.321+09:00 TRACE 25392 --- [learn-spring-boot] [           main] o.s.b.context.config.ConfigDataImporter  : Considering resource file [.] from location optional:file:./;optional:file:./config/;optional:file:./config/*/
2024-05-31T00:20:33.321+09:00 TRACE 25392 --- [learn-spring-boot] [           main] o.s.b.context.config.ConfigDataImporter  : Already loaded resource file [.] ignoring location optional:file:./;optional:file:./config/;optional:file:./config/*/
2024-05-31T00:20:33.321+09:00 TRACE 25392 --- [learn-spring-boot] [           main] .b.c.c.ConfigDataEnvironmentContributors : Nothing imported
2024-05-31T00:20:33.321+09:00 TRACE 25392 --- [learn-spring-boot] [           main] .b.c.c.ConfigDataEnvironmentContributors : Processing imports [optional:classpath:/;optional:classpath:/config/]
2024-05-31T00:20:33.321+09:00 TRACE 25392 --- [learn-spring-boot] [           main] b.c.c.StandardConfigDataLocationResolver : Skipping missing resource classpath:/application.yaml
2024-05-31T00:20:33.321+09:00 TRACE 25392 --- [learn-spring-boot] [           main] b.c.c.StandardConfigDataLocationResolver : Skipping missing resource classpath:/application.yml
2024-05-31T00:20:33.321+09:00 TRACE 25392 --- [learn-spring-boot] [           main] b.c.c.StandardConfigDataLocationResolver : Skipping missing resource classpath:/application.xml
2024-05-31T00:20:33.321+09:00 TRACE 25392 --- [learn-spring-boot] [           main] b.c.c.StandardConfigDataLocationResolver : Skipping missing resource classpath:/config/application.yaml
2024-05-31T00:20:33.322+09:00 TRACE 25392 --- [learn-spring-boot] [           main] b.c.c.StandardConfigDataLocationResolver : Skipping missing resource classpath:/config/application.yml
2024-05-31T00:20:33.322+09:00 TRACE 25392 --- [learn-spring-boot] [           main] b.c.c.StandardConfigDataLocationResolver : Skipping missing resource classpath:/config/application.xml
2024-05-31T00:20:33.322+09:00 TRACE 25392 --- [learn-spring-boot] [           main] b.c.c.StandardConfigDataLocationResolver : Skipping missing resource classpath:/config/application.properties
2024-05-31T00:20:33.322+09:00 TRACE 25392 --- [learn-spring-boot] [           main] b.c.c.StandardConfigDataLocationResolver : Skipping missing resource classpath:/application-dev.yaml
2024-05-31T00:20:33.322+09:00 TRACE 25392 --- [learn-spring-boot] [           main] b.c.c.StandardConfigDataLocationResolver : Skipping missing resource classpath:/application-dev.yml
2024-05-31T00:20:33.322+09:00 TRACE 25392 --- [learn-spring-boot] [           main] b.c.c.StandardConfigDataLocationResolver : Skipping missing resource classpath:/application-dev.xml
2024-05-31T00:20:33.322+09:00 TRACE 25392 --- [learn-spring-boot] [           main] b.c.c.StandardConfigDataLocationResolver : Skipping missing resource classpath:/config/application-dev.yaml
2024-05-31T00:20:33.322+09:00 TRACE 25392 --- [learn-spring-boot] [           main] b.c.c.StandardConfigDataLocationResolver : Skipping missing resource classpath:/config/application-dev.yml
2024-05-31T00:20:33.322+09:00 TRACE 25392 --- [learn-spring-boot] [           main] b.c.c.StandardConfigDataLocationResolver : Skipping missing resource classpath:/config/application-dev.xml
2024-05-31T00:20:33.322+09:00 TRACE 25392 --- [learn-spring-boot] [           main] b.c.c.StandardConfigDataLocationResolver : Skipping missing resource classpath:/config/application-dev.properties
2024-05-31T00:20:33.322+09:00 TRACE 25392 --- [learn-spring-boot] [           main] o.s.b.context.config.ConfigDataImporter  : Considering resource class path resource [application-dev.properties] from location optional:classpath:/;optional:classpath:/config/
2024-05-31T00:20:33.323+09:00 TRACE 25392 --- [learn-spring-boot] [           main] o.s.b.context.config.ConfigDataLoaders   : Loading class path resource [application-dev.properties] using loader org.springframework.boot.context.config.StandardConfigDataLoader
2024-05-31T00:20:33.323+09:00 TRACE 25392 --- [learn-spring-boot] [           main] o.s.b.context.config.ConfigDataImporter  : Loaded resource class path resource [application-dev.properties] from location optional:classpath:/;optional:classpath:/config/
2024-05-31T00:20:33.323+09:00 TRACE 25392 --- [learn-spring-boot] [           main] o.s.b.context.config.ConfigDataImporter  : Considering resource class path resource [application.properties] from location optional:classpath:/;optional:classpath:/config/
2024-05-31T00:20:33.323+09:00 TRACE 25392 --- [learn-spring-boot] [           main] o.s.b.context.config.ConfigDataImporter  : Already loaded resource class path resource [application.properties] ignoring location optional:classpath:/;optional:classpath:/config/
2024-05-31T00:20:33.323+09:00 TRACE 25392 --- [learn-spring-boot] [           main] .b.c.c.ConfigDataEnvironmentContributors : Imported 1 resource [class path resource [application-dev.properties]]
2024-05-31T00:20:33.323+09:00 TRACE 25392 --- [learn-spring-boot] [           main] .b.c.c.ConfigDataEnvironmentContributors : Processed imports for of 2 contributors
2024-05-31T00:20:33.324+09:00 TRACE 25392 --- [learn-spring-boot] [           main] o.s.b.c.config.ConfigDataEnvironment     : Applying config data environment contributions
2024-05-31T00:20:33.324+09:00 TRACE 25392 --- [learn-spring-boot] [           main] o.s.b.c.config.ConfigDataEnvironment     : Adding imported property source 'Config resource 'class path resource [application-dev.properties]' via location 'optional:classpath:/''
2024-05-31T00:20:33.324+09:00 TRACE 25392 --- [learn-spring-boot] [           main] o.s.b.c.config.ConfigDataEnvironment     : Adding imported property source 'Config resource 'class path resource [application.properties]' via location 'optional:classpath:/''
2024-05-31T00:20:33.324+09:00 TRACE 25392 --- [learn-spring-boot] [           main] o.s.b.c.config.ConfigDataEnvironment     : Setting default profiles: [default]
2024-05-31T00:20:33.324+09:00 TRACE 25392 --- [learn-spring-boot] [           main] o.s.b.c.config.ConfigDataEnvironment     : Setting active profiles: [dev]
2024-05-31T00:20:33.336+09:00 TRACE 25392 --- [learn-spring-boot] [           main] o.s.w.c.s.GenericWebApplicationContext   : Refreshing org.springframework.web.context.support.GenericWebApplicationContext@7957dc72, started on Fri May 31 00:20:33 KST 2024
2024-05-31T00:20:33.349+09:00 TRACE 25392 --- [learn-spring-boot] [           main] o.s.b.f.s.DefaultListableBeanFactory     : Registering scope 'request' with implementation [org.springframework.web.context.request.RequestScope@63a5d002]
2024-05-31T00:20:33.349+09:00 TRACE 25392 --- [learn-spring-boot] [           main] o.s.b.f.s.DefaultListableBeanFactory     : Registering scope 'session' with implementation [org.springframework.web.context.request.SessionScope@771158fb]
2024-05-31T00:20:33.350+09:00 TRACE 25392 --- [learn-spring-boot] [           main] o.s.b.f.s.DefaultListableBeanFactory     : Registering scope 'application' with implementation [org.springframework.web.context.support.ServletContextScope@3003697]
2024-05-31T00:20:33.359+09:00 DEBUG 25392 --- [learn-spring-boot] [           main] o.s.b.f.s.DefaultListableBeanFactory     : Creating shared instance of singleton bean 'org.springframework.context.annotation.internalConfigurationAnnotationProcessor'
2024-05-31T00:20:33.359+09:00 TRACE 25392 --- [learn-spring-boot] [           main] o.s.b.f.s.DefaultListableBeanFactory     : Creating instance of bean 'org.springframework.context.annotation.internalConfigurationAnnotationProcessor'
2024-05-31T00:20:33.374+09:00 DEBUG 25392 --- [learn-spring-boot] [           main] o.s.b.f.s.DefaultListableBeanFactory     : Creating shared instance of singleton bean 'org.springframework.boot.autoconfigure.internalCachingMetadataReaderFactory'
2024-05-31T00:20:33.374+09:00 TRACE 25392 --- [learn-spring-boot] [           main] o.s.b.f.s.DefaultListableBeanFactory     : Creating instance of bean 'org.springframework.boot.autoconfigure.internalCachingMetadataReaderFactory'
2024-05-31T00:20:33.376+09:00 TRACE 25392 --- [learn-spring-boot] [           main] o.s.b.f.s.DefaultListableBeanFactory     : Finished creating instance of bean 'org.springframework.boot.autoconfigure.internalCachingMetadataReaderFactory'
2024-05-31T00:20:33.379+09:00 TRACE 25392 --- [learn-spring-boot] [           main] o.s.c.io.support.SpringFactoriesLoader   : Loaded [org.springframework.beans.BeanInfoFactory] names: []
2024-05-31T00:20:33.379+09:00 TRACE 25392 --- [learn-spring-boot] [           main] o.s.beans.CachedIntrospectionResults     : Getting BeanInfo for class [org.springframework.context.annotation.ConfigurationClassPostProcessor]
2024-05-31T00:20:33.382+09:00 TRACE 25392 --- [learn-spring-boot] [           main] o.s.beans.CachedIntrospectionResults     : Caching PropertyDescriptors for class [org.springframework.context.annotation.ConfigurationClassPostProcessor]
2024-05-31T00:20:33.383+09:00 TRACE 25392 --- [learn-spring-boot] [           main] o.s.beans.CachedIntrospectionResults     : Found bean property 'applicationStartup' of type [org.springframework.core.metrics.ApplicationStartup]
2024-05-31T00:20:33.383+09:00 TRACE 25392 --- [learn-spring-boot] [           main] o.s.beans.CachedIntrospectionResults     : Found bean property 'beanClassLoader' of type [java.lang.ClassLoader]
2024-05-31T00:20:33.383+09:00 TRACE 25392 --- [learn-spring-boot] [           main] o.s.beans.CachedIntrospectionResults     : Found bean property 'beanExcludedFromAotProcessing' of type [boolean]
2024-05-31T00:20:33.384+09:00 TRACE 25392 --- [learn-spring-boot] [           main] o.s.beans.CachedIntrospectionResults     : Found bean property 'beanNameGenerator' of type [org.springframework.beans.factory.support.BeanNameGenerator]
2024-05-31T00:20:33.384+09:00 TRACE 25392 --- [learn-spring-boot] [           main] o.s.beans.CachedIntrospectionResults     : Found bean property 'class' of type [java.lang.Class]
2024-05-31T00:20:33.384+09:00 TRACE 25392 --- [learn-spring-boot] [           main] o.s.beans.CachedIntrospectionResults     : Found bean property 'environment' of type [org.springframework.core.env.Environment]
2024-05-31T00:20:33.385+09:00 TRACE 25392 --- [learn-spring-boot] [           main] o.s.beans.CachedIntrospectionResults     : Found bean property 'metadataReaderFactory' of type [org.springframework.core.type.classreading.MetadataReaderFactory]
2024-05-31T00:20:33.385+09:00 TRACE 25392 --- [learn-spring-boot] [           main] o.s.beans.CachedIntrospectionResults     : Found bean property 'order' of type [int]
2024-05-31T00:20:33.385+09:00 TRACE 25392 --- [learn-spring-boot] [           main] o.s.beans.CachedIntrospectionResults     : Found bean property 'problemReporter' of type [org.springframework.beans.factory.parsing.ProblemReporter]
2024-05-31T00:20:33.385+09:00 TRACE 25392 --- [learn-spring-boot] [           main] o.s.beans.CachedIntrospectionResults     : Found bean property 'resourceLoader' of type [org.springframework.core.io.ResourceLoader]
2024-05-31T00:20:33.385+09:00 TRACE 25392 --- [learn-spring-boot] [           main] o.s.beans.CachedIntrospectionResults     : Found bean property 'sourceExtractor' of type [org.springframework.beans.factory.parsing.SourceExtractor]
2024-05-31T00:20:33.388+09:00 TRACE 25392 --- [learn-spring-boot] [           main] o.s.b.f.s.DefaultListableBeanFactory     : Finished creating instance of bean 'org.springframework.context.annotation.internalConfigurationAnnotationProcessor'
2024-05-31T00:20:33.397+09:00 TRACE 25392 --- [learn-spring-boot] [           main] o.s.c.a.ClassPathBeanDefinitionScanner   : JSR-250 'jakarta.annotation.ManagedBean' found and supported for component scanning
2024-05-31T00:20:33.401+09:00 TRACE 25392 --- [learn-spring-boot] [           main] .i.s.PathMatchingResourcePatternResolver : Resolved module-path location pattern [com/in28minutes/springboot/learn_spring_boot/**/*.class] to resources []
2024-05-31T00:20:33.401+09:00 TRACE 25392 --- [learn-spring-boot] [           main] .i.s.PathMatchingResourcePatternResolver : Resolved module-path location pattern [com/in28minutes/springboot/learn_spring_boot/] to resources []
2024-05-31T00:20:33.402+09:00 TRACE 25392 --- [learn-spring-boot] [           main] .i.s.PathMatchingResourcePatternResolver : Resolved class path location [com/in28minutes/springboot/learn_spring_boot/] to resources [file [C:\Users\82107\Desktop\Udemy_Spring_Study\learn-spring-boot\learn-spring-boot\target\test-classes\com\in28minutes\springboot\learn_spring_boot], file [C:\Users\82107\Desktop\Udemy_Spring_Study\learn-spring-boot\learn-spring-boot\target\classes\com\in28minutes\springboot\learn_spring_boot]]
2024-05-31T00:20:33.403+09:00 TRACE 25392 --- [learn-spring-boot] [           main] .i.s.PathMatchingResourcePatternResolver : Searching directory [C:\Users\82107\Desktop\Udemy_Spring_Study\learn-spring-boot\learn-spring-boot\target\test-classes\com\in28minutes\springboot\learn_spring_boot] for files matching pattern [**/*.class]
2024-05-31T00:20:33.404+09:00 TRACE 25392 --- [learn-spring-boot] [           main] .i.s.PathMatchingResourcePatternResolver : Searching directory [C:\Users\82107\Desktop\Udemy_Spring_Study\learn-spring-boot\learn-spring-boot\target\classes\com\in28minutes\springboot\learn_spring_boot] for files matching pattern [**/*.class]
2024-05-31T00:20:33.406+09:00 TRACE 25392 --- [learn-spring-boot] [           main] .i.s.PathMatchingResourcePatternResolver : Resolved location pattern [classpath*:com/in28minutes/springboot/learn_spring_boot/**/*.class] to resources [file [C:\Users\82107\Desktop\Udemy_Spring_Study\learn-spring-boot\learn-spring-boot\target\test-classes\com\in28minutes\springboot\learn_spring_boot\LearnSpringBootApplicationTests.class], file [C:\Users\82107\Desktop\Udemy_Spring_Study\learn-spring-boot\learn-spring-boot\target\classes\com\in28minutes\springboot\learn_spring_boot\Course.class], file [C:\Users\82107\Desktop\Udemy_Spring_Study\learn-spring-boot\learn-spring-boot\target\classes\com\in28minutes\springboot\learn_spring_boot\CourseController.class], file [C:\Users\82107\Desktop\Udemy_Spring_Study\learn-spring-boot\learn-spring-boot\target\classes\com\in28minutes\springboot\learn_spring_boot\CurrencyConfigurationController.class], file [C:\Users\82107\Desktop\Udemy_Spring_Study\learn-spring-boot\learn-spring-boot\target\classes\com\in28minutes\springboot\learn_spring_boot\CurrencyServiceConfiguration.class], file [C:\Users\82107\Desktop\Udemy_Spring_Study\learn-spring-boot\learn-spring-boot\target\classes\com\in28minutes\springboot\learn_spring_boot\LearnSpringBootApplication.class]]
2024-05-31T00:20:33.406+09:00 TRACE 25392 --- [learn-spring-boot] [           main] o.s.c.a.ClassPathBeanDefinitionScanner   : Scanning file [C:\Users\82107\Desktop\Udemy_Spring_Study\learn-spring-boot\learn-spring-boot\target\test-classes\com\in28minutes\springboot\learn_spring_boot\LearnSpringBootApplicationTests.class]
2024-05-31T00:20:33.407+09:00 TRACE 25392 --- [learn-spring-boot] [           main] o.s.b.f.s.DefaultListableBeanFactory     : Returning cached instance of singleton bean 'org.springframework.boot.test.context.filter.TestTypeExcludeFilter'
2024-05-31T00:20:33.408+09:00 TRACE 25392 --- [learn-spring-boot] [           main] o.s.c.a.ClassPathBeanDefinitionScanner   : Ignored because not matching any filter: file [C:\Users\82107\Desktop\Udemy_Spring_Study\learn-spring-boot\learn-spring-boot\target\test-classes\com\in28minutes\springboot\learn_spring_boot\LearnSpringBootApplicationTests.class]
2024-05-31T00:20:33.408+09:00 TRACE 25392 --- [learn-spring-boot] [           main] o.s.c.a.ClassPathBeanDefinitionScanner   : Scanning file [C:\Users\82107\Desktop\Udemy_Spring_Study\learn-spring-boot\learn-spring-boot\target\classes\com\in28minutes\springboot\learn_spring_boot\Course.class]
2024-05-31T00:20:33.409+09:00 TRACE 25392 --- [learn-spring-boot] [           main] o.s.c.a.ClassPathBeanDefinitionScanner   : Ignored because not matching any filter: file [C:\Users\82107\Desktop\Udemy_Spring_Study\learn-spring-boot\learn-spring-boot\target\classes\com\in28minutes\springboot\learn_spring_boot\Course.class]
2024-05-31T00:20:33.409+09:00 TRACE 25392 --- [learn-spring-boot] [           main] o.s.c.a.ClassPathBeanDefinitionScanner   : Scanning file [C:\Users\82107\Desktop\Udemy_Spring_Study\learn-spring-boot\learn-spring-boot\target\classes\com\in28minutes\springboot\learn_spring_boot\CourseController.class]
2024-05-31T00:20:33.410+09:00 DEBUG 25392 --- [learn-spring-boot] [           main] o.s.c.a.ClassPathBeanDefinitionScanner   : Identified candidate component class: file [C:\Users\82107\Desktop\Udemy_Spring_Study\learn-spring-boot\learn-spring-boot\target\classes\com\in28minutes\springboot\learn_spring_boot\CourseController.class]
2024-05-31T00:20:33.411+09:00 TRACE 25392 --- [learn-spring-boot] [           main] o.s.c.a.ClassPathBeanDefinitionScanner   : Scanning file [C:\Users\82107\Desktop\Udemy_Spring_Study\learn-spring-boot\learn-spring-boot\target\classes\com\in28minutes\springboot\learn_spring_boot\CurrencyConfigurationController.class]
2024-05-31T00:20:33.411+09:00 DEBUG 25392 --- [learn-spring-boot] [           main] o.s.c.a.ClassPathBeanDefinitionScanner   : Identified candidate component class: file [C:\Users\82107\Desktop\Udemy_Spring_Study\learn-spring-boot\learn-spring-boot\target\classes\com\in28minutes\springboot\learn_spring_boot\CurrencyConfigurationController.class]
2024-05-31T00:20:33.411+09:00 TRACE 25392 --- [learn-spring-boot] [           main] o.s.c.a.ClassPathBeanDefinitionScanner   : Scanning file [C:\Users\82107\Desktop\Udemy_Spring_Study\learn-spring-boot\learn-spring-boot\target\classes\com\in28minutes\springboot\learn_spring_boot\CurrencyServiceConfiguration.class]
2024-05-31T00:20:33.412+09:00 DEBUG 25392 --- [learn-spring-boot] [           main] o.s.c.a.ClassPathBeanDefinitionScanner   : Identified candidate component class: file [C:\Users\82107\Desktop\Udemy_Spring_Study\learn-spring-boot\learn-spring-boot\target\classes\com\in28minutes\springboot\learn_spring_boot\CurrencyServiceConfiguration.class]
2024-05-31T00:20:33.412+09:00 TRACE 25392 --- [learn-spring-boot] [           main] o.s.c.a.ClassPathBeanDefinitionScanner   : Scanning file [C:\Users\82107\Desktop\Udemy_Spring_Study\learn-spring-boot\learn-spring-boot\target\classes\com\in28minutes\springboot\learn_spring_boot\LearnSpringBootApplication.class]
2024-05-31T00:20:33.412+09:00 TRACE 25392 --- [learn-spring-boot] [           main] o.s.c.a.ClassPathBeanDefinitionScanner   : Ignored because not matching any filter: file [C:\Users\82107\Desktop\Udemy_Spring_Study\learn-spring-boot\learn-spring-boot\target\classes\com\in28minutes\springboot\learn_spring_boot\LearnSpringBootApplication.class]
2024-05-31T00:20:33.426+09:00 TRACE 25392 --- [learn-spring-boot] [           main] o.s.c.io.support.SpringFactoriesLoader   : Loaded [org.springframework.boot.autoconfigure.AutoConfigurationImportFilter] names: [org.springframework.boot.autoconfigure.condition.OnBeanCondition, org.springframework.boot.autoconfigure.condition.OnClassCondition, org.springframework.boot.autoconfigure.condition.OnWebApplicationCondition]
2024-05-31T00:20:33.440+09:00 TRACE 25392 --- [learn-spring-boot] [           main] o.s.b.f.s.DefaultListableBeanFactory     : Returning cached instance of singleton bean 'autoConfigurationReport'
2024-05-31T00:20:33.483+09:00 TRACE 25392 --- [learn-spring-boot] [           main] o.s.b.a.condition.OnClassCondition       : Condition OnClassCondition on org.springframework.boot.devtools.autoconfigure.DevToolsR2dbcAutoConfiguration did not match due to @ConditionalOnClass did not find required class 'io.r2dbc.spi.ConnectionFactory'
2024-05-31T00:20:33.484+09:00 TRACE 25392 --- [learn-spring-boot] [           main] o.s.b.a.condition.OnClassCondition       : Condition OnClassCondition on org.springframework.boot.autoconfigure.amqp.RabbitAutoConfiguration did not match due to @ConditionalOnClass did not find required class 'com.rabbitmq.client.Channel'
2024-05-31T00:20:33.484+09:00 TRACE 25392 --- [learn-spring-boot] [           main] o.s.b.a.condition.OnClassCondition       : Condition OnClassCondition on org.springframework.boot.autoconfigure.batch.BatchAutoConfiguration did not match due to @ConditionalOnClass did not find required class 'org.springframework.batch.core.launch.JobLauncher'
2024-05-31T00:20:33.484+09:00 TRACE 25392 --- [learn-spring-boot] [           main] o.s.b.a.condition.OnClassCondition       : Condition OnClassCondition on org.springframework.boot.autoconfigure.cassandra.CassandraAutoConfiguration did not match due to @ConditionalOnClass did not find required class 'com.datastax.oss.driver.api.core.CqlSession'
2024-05-31T00:20:33.484+09:00 TRACE 25392 --- [learn-spring-boot] [           main] o.s.b.a.condition.OnClassCondition       : Condition OnClassCondition on org.springframework.boot.autoconfigure.couchbase.CouchbaseAutoConfiguration did not match due to @ConditionalOnClass did not find required class 'com.couchbase.client.java.Cluster'
2024-05-31T00:20:33.484+09:00 TRACE 25392 --- [learn-spring-boot] [           main] o.s.b.a.condition.OnClassCondition       : Condition OnClassCondition on org.springframework.boot.autoconfigure.dao.PersistenceExceptionTranslationAutoConfiguration did not match due to @ConditionalOnClass did not find required class 'org.springframework.dao.annotation.PersistenceExceptionTranslationPostProcessor'
2024-05-31T00:20:33.485+09:00 TRACE 25392 --- [learn-spring-boot] [           main] o.s.b.a.condition.OnClassCondition       : Condition OnClassCondition on org.springframework.boot.autoconfigure.data.cassandra.CassandraDataAutoConfiguration did not match due to @ConditionalOnClass did not find required class 'com.datastax.oss.driver.api.core.CqlSession'
2024-05-31T00:20:33.485+09:00 TRACE 25392 --- [learn-spring-boot] [           main] o.s.b.a.condition.OnClassCondition       : Condition OnClassCondition on org.springframework.boot.autoconfigure.data.cassandra.CassandraReactiveDataAutoConfiguration did not match due to @ConditionalOnClass did not find required class 'com.datastax.oss.driver.api.core.CqlSession'
2024-05-31T00:20:33.485+09:00 TRACE 25392 --- [learn-spring-boot] [           main] o.s.b.a.condition.OnClassCondition       : Condition OnClassCondition on org.springframework.boot.autoconfigure.data.cassandra.CassandraReactiveRepositoriesAutoConfiguration did not match due to @ConditionalOnClass did not find required class 'org.springframework.data.cassandra.ReactiveSession'
2024-05-31T00:20:33.485+09:00 TRACE 25392 --- [learn-spring-boot] [           main] o.s.b.a.condition.OnClassCondition       : Condition OnClassCondition on org.springframework.boot.autoconfigure.data.cassandra.CassandraRepositoriesAutoConfiguration did not match due to @ConditionalOnClass did not find required class 'com.datastax.oss.driver.api.core.CqlSession'
2024-05-31T00:20:33.485+09:00 TRACE 25392 --- [learn-spring-boot] [           main] o.s.b.a.condition.OnClassCondition       : Condition OnClassCondition on org.springframework.boot.autoconfigure.data.couchbase.CouchbaseDataAutoConfiguration did not match due to @ConditionalOnClass did not find required class 'com.couchbase.client.java.Bucket'
2024-05-31T00:20:33.485+09:00 TRACE 25392 --- [learn-spring-boot] [           main] o.s.b.a.condition.OnClassCondition       : Condition OnClassCondition on org.springframework.boot.autoconfigure.data.couchbase.CouchbaseReactiveDataAutoConfiguration did not match due to @ConditionalOnClass did not find required class 'com.couchbase.client.java.Cluster'
2024-05-31T00:20:33.485+09:00 TRACE 25392 --- [learn-spring-boot] [           main] o.s.b.a.condition.OnClassCondition       : Condition OnClassCondition on org.springframework.boot.autoconfigure.data.couchbase.CouchbaseReactiveRepositoriesAutoConfiguration did not match due to @ConditionalOnClass did not find required class 'com.couchbase.client.java.Cluster'
2024-05-31T00:20:33.485+09:00 TRACE 25392 --- [learn-spring-boot] [           main] o.s.b.a.condition.OnClassCondition       : Condition OnClassCondition on org.springframework.boot.autoconfigure.data.couchbase.CouchbaseRepositoriesAutoConfiguration did not match due to @ConditionalOnClass did not find required class 'com.couchbase.client.java.Bucket'
2024-05-31T00:20:33.485+09:00 TRACE 25392 --- [learn-spring-boot] [           main] o.s.b.a.condition.OnClassCondition       : Condition OnClassCondition on org.springframework.boot.autoconfigure.data.elasticsearch.ElasticsearchDataAutoConfiguration did not match due to @ConditionalOnClass did not find required class 'org.springframework.data.elasticsearch.client.elc.ElasticsearchTemplate'
2024-05-31T00:20:33.485+09:00 TRACE 25392 --- [learn-spring-boot] [           main] o.s.b.a.condition.OnClassCondition       : Condition OnClassCondition on org.springframework.boot.autoconfigure.data.elasticsearch.ElasticsearchRepositoriesAutoConfiguration did not match due to @ConditionalOnClass did not find required class 'org.springframework.data.elasticsearch.repository.ElasticsearchRepository'
2024-05-31T00:20:33.485+09:00 TRACE 25392 --- [learn-spring-boot] [           main] o.s.b.a.condition.OnClassCondition       : Condition OnClassCondition on org.springframework.boot.autoconfigure.data.elasticsearch.ReactiveElasticsearchRepositoriesAutoConfiguration did not match due to @ConditionalOnClass did not find required class 'org.springframework.data.elasticsearch.client.elc.ReactiveElasticsearchClient'
2024-05-31T00:20:33.485+09:00 TRACE 25392 --- [learn-spring-boot] [           main] o.s.b.a.condition.OnClassCondition       : Condition OnClassCondition on org.springframework.boot.autoconfigure.data.jdbc.JdbcRepositoriesAutoConfiguration did not match due to @ConditionalOnClass did not find required class 'org.springframework.data.jdbc.repository.config.AbstractJdbcConfiguration'
2024-05-31T00:20:33.485+09:00 TRACE 25392 --- [learn-spring-boot] [           main] o.s.b.a.condition.OnClassCondition       : Condition OnClassCondition on org.springframework.boot.autoconfigure.data.jpa.JpaRepositoriesAutoConfiguration did not match due to @ConditionalOnClass did not find required class 'org.springframework.data.jpa.repository.JpaRepository'
2024-05-31T00:20:33.485+09:00 TRACE 25392 --- [learn-spring-boot] [           main] o.s.b.a.condition.OnClassCondition       : Condition OnClassCondition on org.springframework.boot.autoconfigure.data.ldap.LdapRepositoriesAutoConfiguration did not match due to @ConditionalOnClass did not find required class 'org.springframework.data.ldap.repository.LdapRepository'
2024-05-31T00:20:33.486+09:00 TRACE 25392 --- [learn-spring-boot] [           main] o.s.b.a.condition.OnClassCondition       : Condition OnClassCondition on org.springframework.boot.autoconfigure.data.mongo.MongoDataAutoConfiguration did not match due to @ConditionalOnClass did not find required class 'com.mongodb.client.MongoClient'
2024-05-31T00:20:33.486+09:00 TRACE 25392 --- [learn-spring-boot] [           main] o.s.b.a.condition.OnClassCondition       : Condition OnClassCondition on org.springframework.boot.autoconfigure.data.mongo.MongoReactiveDataAutoConfiguration did not match due to @ConditionalOnClass did not find required class 'com.mongodb.reactivestreams.client.MongoClient'
2024-05-31T00:20:33.486+09:00 TRACE 25392 --- [learn-spring-boot] [           main] o.s.b.a.condition.OnClassCondition       : Condition OnClassCondition on org.springframework.boot.autoconfigure.data.mongo.MongoReactiveRepositoriesAutoConfiguration did not match due to @ConditionalOnClass did not find required class 'com.mongodb.reactivestreams.client.MongoClient'
2024-05-31T00:20:33.486+09:00 TRACE 25392 --- [learn-spring-boot] [           main] o.s.b.a.condition.OnClassCondition       : Condition OnClassCondition on org.springframework.boot.autoconfigure.data.mongo.MongoRepositoriesAutoConfiguration did not match due to @ConditionalOnClass did not find required class 'com.mongodb.client.MongoClient'
2024-05-31T00:20:33.486+09:00 TRACE 25392 --- [learn-spring-boot] [           main] o.s.b.a.condition.OnClassCondition       : Condition OnClassCondition on org.springframework.boot.autoconfigure.data.neo4j.Neo4jDataAutoConfiguration did not match due to @ConditionalOnClass did not find required class 'org.neo4j.driver.Driver'
2024-05-31T00:20:33.486+09:00 TRACE 25392 --- [learn-spring-boot] [           main] o.s.b.a.condition.OnClassCondition       : Condition OnClassCondition on org.springframework.boot.autoconfigure.data.neo4j.Neo4jReactiveDataAutoConfiguration did not match due to @ConditionalOnClass did not find required class 'org.neo4j.driver.Driver'
2024-05-31T00:20:33.486+09:00 TRACE 25392 --- [learn-spring-boot] [           main] o.s.b.a.condition.OnClassCondition       : Condition OnClassCondition on org.springframework.boot.autoconfigure.data.neo4j.Neo4jReactiveRepositoriesAutoConfiguration did not match due to @ConditionalOnClass did not find required class 'org.neo4j.driver.Driver'
2024-05-31T00:20:33.486+09:00 TRACE 25392 --- [learn-spring-boot] [           main] o.s.b.a.condition.OnClassCondition       : Condition OnClassCondition on org.springframework.boot.autoconfigure.data.neo4j.Neo4jRepositoriesAutoConfiguration did not match due to @ConditionalOnClass did not find required class 'org.neo4j.driver.Driver'
2024-05-31T00:20:33.486+09:00 TRACE 25392 --- [learn-spring-boot] [           main] o.s.b.a.condition.OnClassCondition       : Condition OnClassCondition on org.springframework.boot.autoconfigure.data.r2dbc.R2dbcDataAutoConfiguration did not match due to @ConditionalOnClass did not find required class 'org.springframework.data.r2dbc.core.R2dbcEntityTemplate'
2024-05-31T00:20:33.486+09:00 TRACE 25392 --- [learn-spring-boot] [           main] o.s.b.a.condition.OnClassCondition       : Condition OnClassCondition on org.springframework.boot.autoconfigure.data.r2dbc.R2dbcRepositoriesAutoConfiguration did not match due to @ConditionalOnClass did not find required class 'io.r2dbc.spi.ConnectionFactory'
2024-05-31T00:20:33.486+09:00 TRACE 25392 --- [learn-spring-boot] [           main] o.s.b.a.condition.OnClassCondition       : Condition OnClassCondition on org.springframework.boot.autoconfigure.data.redis.RedisAutoConfiguration did not match due to @ConditionalOnClass did not find required class 'org.springframework.data.redis.core.RedisOperations'
2024-05-31T00:20:33.486+09:00 TRACE 25392 --- [learn-spring-boot] [           main] o.s.b.a.condition.OnClassCondition       : Condition OnClassCondition on org.springframework.boot.autoconfigure.data.redis.RedisReactiveAutoConfiguration did not match due to @ConditionalOnClass did not find required class 'reactor.core.publisher.Flux'
2024-05-31T00:20:33.486+09:00 TRACE 25392 --- [learn-spring-boot] [           main] o.s.b.a.condition.OnClassCondition       : Condition OnClassCondition on org.springframework.boot.autoconfigure.data.redis.RedisRepositoriesAutoConfiguration did not match due to @ConditionalOnClass did not find required class 'org.springframework.data.redis.repository.configuration.EnableRedisRepositories'
2024-05-31T00:20:33.486+09:00 TRACE 25392 --- [learn-spring-boot] [           main] o.s.b.a.condition.OnClassCondition       : Condition OnClassCondition on org.springframework.boot.autoconfigure.data.rest.RepositoryRestMvcAutoConfiguration did not match due to @ConditionalOnClass did not find required class 'org.springframework.data.rest.webmvc.config.RepositoryRestMvcConfiguration'
2024-05-31T00:20:33.487+09:00 TRACE 25392 --- [learn-spring-boot] [           main] o.s.b.a.condition.OnClassCondition       : Condition OnClassCondition on org.springframework.boot.autoconfigure.data.web.SpringDataWebAutoConfiguration did not match due to @ConditionalOnClass did not find required class 'org.springframework.data.web.PageableHandlerMethodArgumentResolver'
2024-05-31T00:20:33.487+09:00 TRACE 25392 --- [learn-spring-boot] [           main] o.s.b.a.condition.OnClassCondition       : Condition OnClassCondition on org.springframework.boot.autoconfigure.elasticsearch.ElasticsearchClientAutoConfiguration did not match due to @ConditionalOnClass did not find required class 'co.elastic.clients.elasticsearch.ElasticsearchClient'
2024-05-31T00:20:33.487+09:00 TRACE 25392 --- [learn-spring-boot] [           main] o.s.b.a.condition.OnClassCondition       : Condition OnClassCondition on org.springframework.boot.autoconfigure.elasticsearch.ElasticsearchRestClientAutoConfiguration did not match due to @ConditionalOnClass did not find required class 'org.elasticsearch.client.RestClientBuilder'
2024-05-31T00:20:33.487+09:00 TRACE 25392 --- [learn-spring-boot] [           main] o.s.b.a.condition.OnClassCondition       : Condition OnClassCondition on org.springframework.boot.autoconfigure.elasticsearch.ReactiveElasticsearchClientAutoConfiguration did not match due to @ConditionalOnClass did not find required class 'co.elastic.clients.transport.ElasticsearchTransport'
2024-05-31T00:20:33.487+09:00 TRACE 25392 --- [learn-spring-boot] [           main] o.s.b.a.condition.OnClassCondition       : Condition OnClassCondition on org.springframework.boot.autoconfigure.flyway.FlywayAutoConfiguration did not match due to @ConditionalOnClass did not find required class 'org.flywaydb.core.Flyway'
2024-05-31T00:20:33.487+09:00 TRACE 25392 --- [learn-spring-boot] [           main] o.s.b.a.condition.OnClassCondition       : Condition OnClassCondition on org.springframework.boot.autoconfigure.freemarker.FreeMarkerAutoConfiguration did not match due to @ConditionalOnClass did not find required class 'freemarker.template.Configuration'
2024-05-31T00:20:33.487+09:00 TRACE 25392 --- [learn-spring-boot] [           main] o.s.b.a.condition.OnClassCondition       : Condition OnClassCondition on org.springframework.boot.autoconfigure.graphql.GraphQlAutoConfiguration did not match due to @ConditionalOnClass did not find required class 'graphql.GraphQL'
2024-05-31T00:20:33.487+09:00 TRACE 25392 --- [learn-spring-boot] [           main] o.s.b.a.condition.OnClassCondition       : Condition OnClassCondition on org.springframework.boot.autoconfigure.graphql.data.GraphQlReactiveQueryByExampleAutoConfiguration did not match due to @ConditionalOnClass did not find required class 'graphql.GraphQL'
2024-05-31T00:20:33.487+09:00 TRACE 25392 --- [learn-spring-boot] [           main] o.s.b.a.condition.OnClassCondition       : Condition OnClassCondition on org.springframework.boot.autoconfigure.graphql.data.GraphQlReactiveQuerydslAutoConfiguration did not match due to @ConditionalOnClass did not find required class 'com.querydsl.core.Query'
2024-05-31T00:20:33.487+09:00 TRACE 25392 --- [learn-spring-boot] [           main] o.s.b.a.condition.OnClassCondition       : Condition OnClassCondition on org.springframework.boot.autoconfigure.graphql.data.GraphQlQueryByExampleAutoConfiguration did not match due to @ConditionalOnClass did not find required class 'graphql.GraphQL'
2024-05-31T00:20:33.487+09:00 TRACE 25392 --- [learn-spring-boot] [           main] o.s.b.a.condition.OnClassCondition       : Condition OnClassCondition on org.springframework.boot.autoconfigure.graphql.data.GraphQlQuerydslAutoConfiguration did not match due to @ConditionalOnClass did not find required class 'com.querydsl.core.Query'
2024-05-31T00:20:33.487+09:00 TRACE 25392 --- [learn-spring-boot] [           main] o.s.b.a.condition.OnClassCondition       : Condition OnClassCondition on org.springframework.boot.autoconfigure.graphql.reactive.GraphQlWebFluxAutoConfiguration did not match due to @ConditionalOnClass did not find required class 'graphql.GraphQL'
2024-05-31T00:20:33.488+09:00 TRACE 25392 --- [learn-spring-boot] [           main] o.s.b.a.condition.OnClassCondition       : Condition OnClassCondition on org.springframework.boot.autoconfigure.graphql.rsocket.GraphQlRSocketAutoConfiguration did not match due to @ConditionalOnClass did not find required class 'graphql.GraphQL'
2024-05-31T00:20:33.488+09:00 TRACE 25392 --- [learn-spring-boot] [           main] o.s.b.a.condition.OnClassCondition       : Condition OnClassCondition on org.springframework.boot.autoconfigure.graphql.rsocket.RSocketGraphQlClientAutoConfiguration did not match due to @ConditionalOnClass did not find required class 'graphql.GraphQL'
2024-05-31T00:20:33.488+09:00 TRACE 25392 --- [learn-spring-boot] [           main] o.s.b.a.condition.OnClassCondition       : Condition OnClassCondition on org.springframework.boot.autoconfigure.graphql.security.GraphQlWebFluxSecurityAutoConfiguration did not match due to @ConditionalOnClass did not find required class 'graphql.GraphQL'
2024-05-31T00:20:33.488+09:00 TRACE 25392 --- [learn-spring-boot] [           main] o.s.b.a.condition.OnClassCondition       : Condition OnClassCondition on org.springframework.boot.autoconfigure.graphql.security.GraphQlWebMvcSecurityAutoConfiguration did not match due to @ConditionalOnClass did not find required class 'graphql.GraphQL'
2024-05-31T00:20:33.488+09:00 TRACE 25392 --- [learn-spring-boot] [           main] o.s.b.a.condition.OnClassCondition       : Condition OnClassCondition on org.springframework.boot.autoconfigure.graphql.servlet.GraphQlWebMvcAutoConfiguration did not match due to @ConditionalOnClass did not find required class 'graphql.GraphQL'
2024-05-31T00:20:33.488+09:00 TRACE 25392 --- [learn-spring-boot] [           main] o.s.b.a.condition.OnClassCondition       : Condition OnClassCondition on org.springframework.boot.autoconfigure.groovy.template.GroovyTemplateAutoConfiguration did not match due to @ConditionalOnClass did not find required class 'groovy.text.markup.MarkupTemplateEngine'
2024-05-31T00:20:33.488+09:00 TRACE 25392 --- [learn-spring-boot] [           main] o.s.b.a.condition.OnClassCondition       : Condition OnClassCondition on org.springframework.boot.autoconfigure.gson.GsonAutoConfiguration did not match due to @ConditionalOnClass did not find required class 'com.google.gson.Gson'
2024-05-31T00:20:33.488+09:00 TRACE 25392 --- [learn-spring-boot] [           main] o.s.b.a.condition.OnClassCondition       : Condition OnClassCondition on org.springframework.boot.autoconfigure.h2.H2ConsoleAutoConfiguration did not match due to @ConditionalOnClass did not find required class 'org.h2.server.web.JakartaWebServlet'
2024-05-31T00:20:33.488+09:00 TRACE 25392 --- [learn-spring-boot] [           main] o.s.b.a.condition.OnClassCondition       : Condition OnClassCondition on org.springframework.boot.autoconfigure.hateoas.HypermediaAutoConfiguration did not match due to @ConditionalOnClass did not find required class 'org.springframework.hateoas.EntityModel'
2024-05-31T00:20:33.488+09:00 TRACE 25392 --- [learn-spring-boot] [           main] o.s.b.a.condition.OnClassCondition       : Condition OnClassCondition on org.springframework.boot.autoconfigure.hazelcast.HazelcastAutoConfiguration did not match due to @ConditionalOnClass did not find required class 'com.hazelcast.core.HazelcastInstance'
2024-05-31T00:20:33.489+09:00 TRACE 25392 --- [learn-spring-boot] [           main] o.s.b.a.condition.OnClassCondition       : Condition OnClassCondition on org.springframework.boot.autoconfigure.hazelcast.HazelcastJpaDependencyAutoConfiguration did not match due to @ConditionalOnClass did not find required class 'com.hazelcast.core.HazelcastInstance'
2024-05-31T00:20:33.489+09:00 TRACE 25392 --- [learn-spring-boot] [           main] o.s.b.a.condition.OnClassCondition       : Condition OnClassCondition on org.springframework.boot.autoconfigure.http.codec.CodecsAutoConfiguration did not match due to @ConditionalOnClass did not find required class 'org.springframework.web.reactive.function.client.WebClient'
2024-05-31T00:20:33.489+09:00 TRACE 25392 --- [learn-spring-boot] [           main] o.s.b.a.condition.OnClassCondition       : Condition OnClassCondition on org.springframework.boot.autoconfigure.influx.InfluxDbAutoConfiguration did not match due to @ConditionalOnClass did not find required class 'org.influxdb.InfluxDB'
2024-05-31T00:20:33.489+09:00 TRACE 25392 --- [learn-spring-boot] [           main] o.s.b.a.condition.OnClassCondition       : Condition OnClassCondition on org.springframework.boot.autoconfigure.integration.IntegrationAutoConfiguration did not match due to @ConditionalOnClass did not find required class 'org.springframework.integration.config.EnableIntegration'
2024-05-31T00:20:33.489+09:00 TRACE 25392 --- [learn-spring-boot] [           main] o.s.b.a.condition.OnClassCondition       : Condition OnClassCondition on org.springframework.boot.autoconfigure.jdbc.DataSourceAutoConfiguration did not match due to @ConditionalOnClass did not find required class 'org.springframework.jdbc.datasource.embedded.EmbeddedDatabaseType'
2024-05-31T00:20:33.489+09:00 TRACE 25392 --- [learn-spring-boot] [           main] o.s.b.a.condition.OnClassCondition       : Condition OnClassCondition on org.springframework.boot.autoconfigure.jdbc.JdbcTemplateAutoConfiguration did not match due to @ConditionalOnClass did not find required class 'org.springframework.jdbc.core.JdbcTemplate'
2024-05-31T00:20:33.489+09:00 TRACE 25392 --- [learn-spring-boot] [           main] o.s.b.a.condition.OnClassCondition       : Condition OnClassCondition on org.springframework.boot.autoconfigure.jdbc.JndiDataSourceAutoConfiguration did not match due to @ConditionalOnClass did not find required class 'org.springframework.jdbc.datasource.embedded.EmbeddedDatabaseType'
2024-05-31T00:20:33.489+09:00 TRACE 25392 --- [learn-spring-boot] [           main] o.s.b.a.condition.OnClassCondition       : Condition OnClassCondition on org.springframework.boot.autoconfigure.jdbc.XADataSourceAutoConfiguration did not match due to @ConditionalOnClass did not find required class 'jakarta.transaction.TransactionManager'
2024-05-31T00:20:33.489+09:00 TRACE 25392 --- [learn-spring-boot] [           main] o.s.b.a.condition.OnClassCondition       : Condition OnClassCondition on org.springframework.boot.autoconfigure.jdbc.DataSourceTransactionManagerAutoConfiguration did not match due to @ConditionalOnClass did not find required class 'org.springframework.jdbc.core.JdbcTemplate'
2024-05-31T00:20:33.489+09:00 TRACE 25392 --- [learn-spring-boot] [           main] o.s.b.a.condition.OnClassCondition       : Condition OnClassCondition on org.springframework.boot.autoconfigure.jersey.JerseyAutoConfiguration did not match due to @ConditionalOnClass did not find required class 'org.glassfish.jersey.server.spring.SpringComponentProvider'
2024-05-31T00:20:33.489+09:00 TRACE 25392 --- [learn-spring-boot] [           main] o.s.b.a.condition.OnClassCondition       : Condition OnClassCondition on org.springframework.boot.autoconfigure.jms.JmsAutoConfiguration did not match due to @ConditionalOnClass did not find required class 'jakarta.jms.Message'
2024-05-31T00:20:33.489+09:00 TRACE 25392 --- [learn-spring-boot] [           main] o.s.b.a.condition.OnClassCondition       : Condition OnClassCondition on org.springframework.boot.autoconfigure.jms.JndiConnectionFactoryAutoConfiguration did not match due to @ConditionalOnClass did not find required class 'org.springframework.jms.core.JmsTemplate'
2024-05-31T00:20:33.489+09:00 TRACE 25392 --- [learn-spring-boot] [           main] o.s.b.a.condition.OnClassCondition       : Condition OnClassCondition on org.springframework.boot.autoconfigure.jms.activemq.ActiveMQAutoConfiguration did not match due to @ConditionalOnClass did not find required class 'jakarta.jms.ConnectionFactory'
2024-05-31T00:20:33.489+09:00 TRACE 25392 --- [learn-spring-boot] [           main] o.s.b.a.condition.OnClassCondition       : Condition OnClassCondition on org.springframework.boot.autoconfigure.jms.artemis.ArtemisAutoConfiguration did not match due to @ConditionalOnClass did not find required class 'jakarta.jms.ConnectionFactory'
2024-05-31T00:20:33.489+09:00 TRACE 25392 --- [learn-spring-boot] [           main] o.s.b.a.condition.OnClassCondition       : Condition OnClassCondition on org.springframework.boot.autoconfigure.jooq.JooqAutoConfiguration did not match due to @ConditionalOnClass did not find required class 'org.jooq.DSLContext'
2024-05-31T00:20:33.490+09:00 TRACE 25392 --- [learn-spring-boot] [           main] o.s.b.a.condition.OnClassCondition       : Condition OnClassCondition on org.springframework.boot.autoconfigure.jsonb.JsonbAutoConfiguration did not match due to @ConditionalOnClass did not find required class 'jakarta.json.bind.Jsonb'
2024-05-31T00:20:33.490+09:00 TRACE 25392 --- [learn-spring-boot] [           main] o.s.b.a.condition.OnClassCondition       : Condition OnClassCondition on org.springframework.boot.autoconfigure.kafka.KafkaAutoConfiguration did not match due to @ConditionalOnClass did not find required class 'org.springframework.kafka.core.KafkaTemplate'
2024-05-31T00:20:33.490+09:00 TRACE 25392 --- [learn-spring-boot] [           main] o.s.b.a.condition.OnClassCondition       : Condition OnClassCondition on org.springframework.boot.autoconfigure.ldap.embedded.EmbeddedLdapAutoConfiguration did not match due to @ConditionalOnClass did not find required class 'com.unboundid.ldap.listener.InMemoryDirectoryServer'
2024-05-31T00:20:33.490+09:00 TRACE 25392 --- [learn-spring-boot] [           main] o.s.b.a.condition.OnClassCondition       : Condition OnClassCondition on org.springframework.boot.autoconfigure.ldap.LdapAutoConfiguration did not match due to @ConditionalOnClass did not find required class 'org.springframework.ldap.core.ContextSource'
2024-05-31T00:20:33.490+09:00 TRACE 25392 --- [learn-spring-boot] [           main] o.s.b.a.condition.OnClassCondition       : Condition OnClassCondition on org.springframework.boot.autoconfigure.liquibase.LiquibaseAutoConfiguration did not match due to @ConditionalOnClass did not find required class 'liquibase.change.DatabaseChange'
2024-05-31T00:20:33.490+09:00 TRACE 25392 --- [learn-spring-boot] [           main] o.s.b.a.condition.OnClassCondition       : Condition OnClassCondition on org.springframework.boot.autoconfigure.mail.MailSenderAutoConfiguration did not match due to @ConditionalOnClass did not find required class 'jakarta.mail.internet.MimeMessage'
2024-05-31T00:20:33.490+09:00 TRACE 25392 --- [learn-spring-boot] [           main] o.s.b.a.condition.OnClassCondition       : Condition OnClassCondition on org.springframework.boot.autoconfigure.mongo.MongoAutoConfiguration did not match due to @ConditionalOnClass did not find required class 'com.mongodb.client.MongoClient'
2024-05-31T00:20:33.490+09:00 TRACE 25392 --- [learn-spring-boot] [           main] o.s.b.a.condition.OnClassCondition       : Condition OnClassCondition on org.springframework.boot.autoconfigure.mongo.MongoReactiveAutoConfiguration did not match due to @ConditionalOnClass did not find required class 'com.mongodb.reactivestreams.client.MongoClient'
2024-05-31T00:20:33.490+09:00 TRACE 25392 --- [learn-spring-boot] [           main] o.s.b.a.condition.OnClassCondition       : Condition OnClassCondition on org.springframework.boot.autoconfigure.mustache.MustacheAutoConfiguration did not match due to @ConditionalOnClass did not find required class 'com.samskivert.mustache.Mustache'
2024-05-31T00:20:33.490+09:00 TRACE 25392 --- [learn-spring-boot] [           main] o.s.b.a.condition.OnClassCondition       : Condition OnClassCondition on org.springframework.boot.autoconfigure.neo4j.Neo4jAutoConfiguration did not match due to @ConditionalOnClass did not find required class 'org.neo4j.driver.Driver'
2024-05-31T00:20:33.490+09:00 TRACE 25392 --- [learn-spring-boot] [           main] o.s.b.a.condition.OnClassCondition       : Condition OnClassCondition on org.springframework.boot.autoconfigure.netty.NettyAutoConfiguration did not match due to @ConditionalOnClass did not find required class 'io.netty.util.NettyRuntime'
2024-05-31T00:20:33.490+09:00 TRACE 25392 --- [learn-spring-boot] [           main] o.s.b.a.condition.OnClassCondition       : Condition OnClassCondition on org.springframework.boot.autoconfigure.orm.jpa.HibernateJpaAutoConfiguration did not match due to @ConditionalOnClass did not find required class 'jakarta.persistence.EntityManager'
2024-05-31T00:20:33.491+09:00 TRACE 25392 --- [learn-spring-boot] [           main] o.s.b.a.condition.OnClassCondition       : Condition OnClassCondition on org.springframework.boot.autoconfigure.pulsar.PulsarAutoConfiguration did not match due to @ConditionalOnClass did not find required class 'org.apache.pulsar.client.api.PulsarClient'
2024-05-31T00:20:33.491+09:00 TRACE 25392 --- [learn-spring-boot] [           main] o.s.b.a.condition.OnClassCondition       : Condition OnClassCondition on org.springframework.boot.autoconfigure.pulsar.PulsarReactiveAutoConfiguration did not match due to @ConditionalOnClass did not find required class 'org.apache.pulsar.client.api.PulsarClient'
2024-05-31T00:20:33.491+09:00 TRACE 25392 --- [learn-spring-boot] [           main] o.s.b.a.condition.OnClassCondition       : Condition OnClassCondition on org.springframework.boot.autoconfigure.quartz.QuartzAutoConfiguration did not match due to @ConditionalOnClass did not find required class 'org.quartz.Scheduler'
2024-05-31T00:20:33.491+09:00 TRACE 25392 --- [learn-spring-boot] [           main] o.s.b.a.condition.OnClassCondition       : Condition OnClassCondition on org.springframework.boot.autoconfigure.r2dbc.R2dbcAutoConfiguration did not match due to @ConditionalOnClass did not find required class 'io.r2dbc.spi.ConnectionFactory'
2024-05-31T00:20:33.491+09:00 TRACE 25392 --- [learn-spring-boot] [           main] o.s.b.a.condition.OnClassCondition       : Condition OnClassCondition on org.springframework.boot.autoconfigure.r2dbc.R2dbcTransactionManagerAutoConfiguration did not match due to @ConditionalOnClass did not find required class 'org.springframework.r2dbc.connection.R2dbcTransactionManager'
2024-05-31T00:20:33.491+09:00 TRACE 25392 --- [learn-spring-boot] [           main] o.s.b.a.condition.OnClassCondition       : Condition OnClassCondition on org.springframework.boot.autoconfigure.reactor.ReactorAutoConfiguration did not match due to @ConditionalOnClass did not find required class 'reactor.core.publisher.Hooks'
2024-05-31T00:20:33.491+09:00 TRACE 25392 --- [learn-spring-boot] [           main] o.s.b.a.condition.OnClassCondition       : Condition OnClassCondition on org.springframework.boot.autoconfigure.rsocket.RSocketMessagingAutoConfiguration did not match due to @ConditionalOnClass did not find required class 'io.rsocket.RSocket'
2024-05-31T00:20:33.491+09:00 TRACE 25392 --- [learn-spring-boot] [           main] o.s.b.a.condition.OnClassCondition       : Condition OnClassCondition on org.springframework.boot.autoconfigure.rsocket.RSocketRequesterAutoConfiguration did not match due to @ConditionalOnClass did not find required class 'io.rsocket.RSocket'
2024-05-31T00:20:33.491+09:00 TRACE 25392 --- [learn-spring-boot] [           main] o.s.b.a.condition.OnClassCondition       : Condition OnClassCondition on org.springframework.boot.autoconfigure.rsocket.RSocketServerAutoConfiguration did not match due to @ConditionalOnClass did not find required class 'io.rsocket.core.RSocketServer'
2024-05-31T00:20:33.491+09:00 TRACE 25392 --- [learn-spring-boot] [           main] o.s.b.a.condition.OnClassCondition       : Condition OnClassCondition on org.springframework.boot.autoconfigure.rsocket.RSocketStrategiesAutoConfiguration did not match due to @ConditionalOnClass did not find required class 'io.netty.buffer.PooledByteBufAllocator'
2024-05-31T00:20:33.491+09:00 TRACE 25392 --- [learn-spring-boot] [           main] o.s.b.a.condition.OnClassCondition       : Condition OnClassCondition on org.springframework.boot.autoconfigure.security.servlet.SecurityAutoConfiguration did not match due to @ConditionalOnClass did not find required class 'org.springframework.security.authentication.DefaultAuthenticationEventPublisher'
2024-05-31T00:20:33.492+09:00 TRACE 25392 --- [learn-spring-boot] [           main] o.s.b.a.condition.OnClassCondition       : Condition OnClassCondition on org.springframework.boot.autoconfigure.security.servlet.UserDetailsServiceAutoConfiguration did not match due to @ConditionalOnClass did not find required class 'org.springframework.security.authentication.AuthenticationManager'
2024-05-31T00:20:33.492+09:00 TRACE 25392 --- [learn-spring-boot] [           main] o.s.b.a.condition.OnClassCondition       : Condition OnClassCondition on org.springframework.boot.autoconfigure.security.servlet.SecurityFilterAutoConfiguration did not match due to @ConditionalOnClass did not find required class 'org.springframework.security.config.http.SessionCreationPolicy'
2024-05-31T00:20:33.492+09:00 TRACE 25392 --- [learn-spring-boot] [           main] o.s.b.a.condition.OnClassCondition       : Condition OnClassCondition on org.springframework.boot.autoconfigure.security.reactive.ReactiveSecurityAutoConfiguration did not match due to @ConditionalOnClass did not find required class 'reactor.core.publisher.Flux'
2024-05-31T00:20:33.492+09:00 TRACE 25392 --- [learn-spring-boot] [           main] o.s.b.a.condition.OnClassCondition       : Condition OnClassCondition on org.springframework.boot.autoconfigure.security.reactive.ReactiveUserDetailsServiceAutoConfiguration did not match due to @ConditionalOnClass did not find required class 'org.springframework.security.authentication.ReactiveAuthenticationManager'
2024-05-31T00:20:33.492+09:00 TRACE 25392 --- [learn-spring-boot] [           main] o.s.b.a.condition.OnClassCondition       : Condition OnClassCondition on org.springframework.boot.autoconfigure.security.rsocket.RSocketSecurityAutoConfiguration did not match due to @ConditionalOnClass did not find required class 'org.springframework.security.rsocket.core.SecuritySocketAcceptorInterceptor'
2024-05-31T00:20:33.492+09:00 TRACE 25392 --- [learn-spring-boot] [           main] o.s.b.a.condition.OnClassCondition       : Condition OnClassCondition on org.springframework.boot.autoconfigure.security.saml2.Saml2RelyingPartyAutoConfiguration did not match due to @ConditionalOnClass did not find required class 'org.springframework.security.saml2.provider.service.registration.RelyingPartyRegistrationRepository'
2024-05-31T00:20:33.492+09:00 TRACE 25392 --- [learn-spring-boot] [           main] o.s.b.a.condition.OnClassCondition       : Condition OnClassCondition on org.springframework.boot.autoconfigure.sendgrid.SendGridAutoConfiguration did not match due to @ConditionalOnClass did not find required class 'com.sendgrid.SendGrid'
2024-05-31T00:20:33.492+09:00 TRACE 25392 --- [learn-spring-boot] [           main] o.s.b.a.condition.OnClassCondition       : Condition OnClassCondition on org.springframework.boot.autoconfigure.session.SessionAutoConfiguration did not match due to @ConditionalOnClass did not find required class 'org.springframework.session.Session'
2024-05-31T00:20:33.492+09:00 TRACE 25392 --- [learn-spring-boot] [           main] o.s.b.a.condition.OnClassCondition       : Condition OnClassCondition on org.springframework.boot.autoconfigure.security.oauth2.client.servlet.OAuth2ClientAutoConfiguration did not match due to @ConditionalOnClass did not find required class 'org.springframework.security.config.annotation.web.configuration.EnableWebSecurity'
2024-05-31T00:20:33.492+09:00 TRACE 25392 --- [learn-spring-boot] [           main] o.s.b.a.condition.OnClassCondition       : Condition OnClassCondition on org.springframework.boot.autoconfigure.security.oauth2.client.reactive.ReactiveOAuth2ClientAutoConfiguration did not match due to @ConditionalOnClass did not find required class 'reactor.core.publisher.Flux'
2024-05-31T00:20:33.492+09:00 TRACE 25392 --- [learn-spring-boot] [           main] o.s.b.a.condition.OnClassCondition       : Condition OnClassCondition on org.springframework.boot.autoconfigure.security.oauth2.resource.servlet.OAuth2ResourceServerAutoConfiguration did not match due to @ConditionalOnClass did not find required class 'org.springframework.security.oauth2.server.resource.authentication.BearerTokenAuthenticationToken'
2024-05-31T00:20:33.492+09:00 TRACE 25392 --- [learn-spring-boot] [           main] o.s.b.a.condition.OnClassCondition       : Condition OnClassCondition on org.springframework.boot.autoconfigure.security.oauth2.resource.reactive.ReactiveOAuth2ResourceServerAutoConfiguration did not match due to @ConditionalOnClass did not find required class 'org.springframework.security.config.annotation.web.reactive.EnableWebFluxSecurity'
2024-05-31T00:20:33.492+09:00 TRACE 25392 --- [learn-spring-boot] [           main] o.s.b.a.condition.OnClassCondition       : Condition OnClassCondition on org.springframework.boot.autoconfigure.security.oauth2.server.servlet.OAuth2AuthorizationServerAutoConfiguration did not match due to @ConditionalOnClass did not find required class 'org.springframework.security.oauth2.server.authorization.OAuth2Authorization'
2024-05-31T00:20:33.492+09:00 TRACE 25392 --- [learn-spring-boot] [           main] o.s.b.a.condition.OnClassCondition       : Condition OnClassCondition on org.springframework.boot.autoconfigure.security.oauth2.server.servlet.OAuth2AuthorizationServerJwtAutoConfiguration did not match due to @ConditionalOnClass did not find required class 'org.springframework.security.oauth2.server.authorization.OAuth2Authorization'
2024-05-31T00:20:33.493+09:00 TRACE 25392 --- [learn-spring-boot] [           main] o.s.b.a.condition.OnClassCondition       : Condition OnClassCondition on org.springframework.boot.autoconfigure.thymeleaf.ThymeleafAutoConfiguration did not match due to @ConditionalOnClass did not find required class 'org.thymeleaf.spring6.SpringTemplateEngine'
2024-05-31T00:20:33.493+09:00 TRACE 25392 --- [learn-spring-boot] [           main] o.s.b.a.condition.OnClassCondition       : Condition OnClassCondition on org.springframework.boot.autoconfigure.transaction.TransactionAutoConfiguration did not match due to @ConditionalOnClass did not find required class 'org.springframework.transaction.PlatformTransactionManager'
2024-05-31T00:20:33.493+09:00 TRACE 25392 --- [learn-spring-boot] [           main] o.s.b.a.condition.OnClassCondition       : Condition OnClassCondition on org.springframework.boot.autoconfigure.transaction.TransactionManagerCustomizationAutoConfiguration did not match due to @ConditionalOnClass did not find required class 'org.springframework.transaction.PlatformTransactionManager'
2024-05-31T00:20:33.493+09:00 TRACE 25392 --- [learn-spring-boot] [           main] o.s.b.a.condition.OnClassCondition       : Condition OnClassCondition on org.springframework.boot.autoconfigure.transaction.jta.JtaAutoConfiguration did not match due to @ConditionalOnClass did not find required class 'jakarta.transaction.Transaction'
2024-05-31T00:20:33.493+09:00 TRACE 25392 --- [learn-spring-boot] [           main] o.s.b.a.condition.OnClassCondition       : Condition OnClassCondition on org.springframework.boot.autoconfigure.validation.ValidationAutoConfiguration did not match due to @ConditionalOnClass did not find required class 'jakarta.validation.executable.ExecutableValidator'
2024-05-31T00:20:33.493+09:00 TRACE 25392 --- [learn-spring-boot] [           main] o.s.b.a.condition.OnClassCondition       : Condition OnClassCondition on org.springframework.boot.autoconfigure.web.reactive.HttpHandlerAutoConfiguration did not match due to @ConditionalOnClass did not find required class 'org.springframework.web.reactive.DispatcherHandler'
2024-05-31T00:20:33.493+09:00 TRACE 25392 --- [learn-spring-boot] [           main] o.s.b.a.condition.OnClassCondition       : Condition OnClassCondition on org.springframework.boot.autoconfigure.web.reactive.ReactiveMultipartAutoConfiguration did not match due to @ConditionalOnClass did not find required class 'org.springframework.web.reactive.config.WebFluxConfigurer'
2024-05-31T00:20:33.493+09:00 TRACE 25392 --- [learn-spring-boot] [           main] o.s.b.a.condition.OnClassCondition       : Condition OnClassCondition on org.springframework.boot.autoconfigure.web.reactive.WebFluxAutoConfiguration did not match due to @ConditionalOnClass did not find required class 'org.springframework.web.reactive.config.WebFluxConfigurer'
2024-05-31T00:20:33.493+09:00 TRACE 25392 --- [learn-spring-boot] [           main] o.s.b.a.condition.OnClassCondition       : Condition OnClassCondition on org.springframework.boot.autoconfigure.web.reactive.WebSessionIdResolverAutoConfiguration did not match due to @ConditionalOnClass did not find required class 'reactor.core.publisher.Mono'
2024-05-31T00:20:33.493+09:00 TRACE 25392 --- [learn-spring-boot] [           main] o.s.b.a.condition.OnClassCondition       : Condition OnClassCondition on org.springframework.boot.autoconfigure.web.reactive.error.ErrorWebFluxAutoConfiguration did not match due to @ConditionalOnClass did not find required class 'org.springframework.web.reactive.config.WebFluxConfigurer'
2024-05-31T00:20:33.493+09:00 TRACE 25392 --- [learn-spring-boot] [           main] o.s.b.a.condition.OnClassCondition       : Condition OnClassCondition on org.springframework.boot.autoconfigure.web.reactive.function.client.ClientHttpConnectorAutoConfiguration did not match due to @ConditionalOnClass did not find required class 'org.springframework.web.reactive.function.client.WebClient'
2024-05-31T00:20:33.493+09:00 TRACE 25392 --- [learn-spring-boot] [           main] o.s.b.a.condition.OnClassCondition       : Condition OnClassCondition on org.springframework.boot.autoconfigure.web.reactive.function.client.WebClientAutoConfiguration did not match due to @ConditionalOnClass did not find required class 'org.springframework.web.reactive.function.client.WebClient'
2024-05-31T00:20:33.493+09:00 TRACE 25392 --- [learn-spring-boot] [           main] o.s.b.a.condition.OnClassCondition       : Condition OnClassCondition on org.springframework.boot.autoconfigure.websocket.servlet.WebSocketMessagingAutoConfiguration did not match due to @ConditionalOnClass did not find required class 'org.springframework.web.socket.config.annotation.WebSocketMessageBrokerConfigurer'
2024-05-31T00:20:33.493+09:00 TRACE 25392 --- [learn-spring-boot] [           main] o.s.b.a.condition.OnClassCondition       : Condition OnClassCondition on org.springframework.boot.autoconfigure.webservices.WebServicesAutoConfiguration did not match due to @ConditionalOnClass did not find required class 'org.springframework.ws.transport.http.MessageDispatcherServlet'
2024-05-31T00:20:33.493+09:00 TRACE 25392 --- [learn-spring-boot] [           main] o.s.b.a.condition.OnClassCondition       : Condition OnClassCondition on org.springframework.boot.autoconfigure.webservices.client.WebServiceTemplateAutoConfiguration did not match due to @ConditionalOnClass did not find required class 'org.springframework.oxm.Marshaller'
2024-05-31T00:20:33.494+09:00 TRACE 25392 --- [learn-spring-boot] [           main] o.s.b.f.s.DefaultListableBeanFactory     : Returning cached instance of singleton bean 'autoConfigurationReport'
[...]
2024-05-31T00:20:35.571+09:00 TRACE 25392 --- [learn-spring-boot] [           main] o.s.b.f.s.DefaultListableBeanFactory     : Returning cached instance of singleton bean 'org.springframework.boot.autoconfigure.aop.AopAutoConfiguration$ClassProxyingConfiguration'
2024-05-31T00:20:35.571+09:00 TRACE 25392 --- [learn-spring-boot] [           main] o.s.b.f.s.DefaultListableBeanFactory     : Returning cached instance of singleton bean 'forceAutoProxyCreatorToUseClassProxying'
2024-05-31T00:20:35.571+09:00 TRACE 25392 --- [learn-spring-boot] [           main] o.s.b.f.s.DefaultListableBeanFactory     : Returning cached instance of singleton bean 'org.springframework.boot.autoconfigure.aop.AopAutoConfiguration'
2024-05-31T00:20:35.571+09:00 TRACE 25392 --- [learn-spring-boot] [           main] o.s.b.f.s.DefaultListableBeanFactory     : Returning cached instance of singleton bean 'org.springframework.boot.autoconfigure.availability.ApplicationAvailabilityAutoConfiguration'
2024-05-31T00:20:35.571+09:00 TRACE 25392 --- [learn-spring-boot] [           main] o.s.b.f.s.DefaultListableBeanFactory     : Returning cached instance of singleton bean 'applicationAvailability'
2024-05-31T00:20:35.571+09:00 TRACE 25392 --- [learn-spring-boot] [           main] o.s.b.f.s.DefaultListableBeanFactory     : Returning cached instance of singleton bean 'org.springframework.boot.autoconfigure.jackson.JacksonAutoConfiguration$Jackson2ObjectMapperBuilderCustomizerConfiguration'
2024-05-31T00:20:35.571+09:00 TRACE 25392 --- [learn-spring-boot] [           main] o.s.b.f.s.DefaultListableBeanFactory     : Returning cached instance of singleton bean 'standardJacksonObjectMapperBuilderCustomizer'
2024-05-31T00:20:35.571+09:00 TRACE 25392 --- [learn-spring-boot] [           main] o.s.b.f.s.DefaultListableBeanFactory     : Returning cached instance of singleton bean 'spring.jackson-org.springframework.boot.autoconfigure.jackson.JacksonProperties'
2024-05-31T00:20:35.571+09:00 TRACE 25392 --- [learn-spring-boot] [           main] o.s.b.f.s.DefaultListableBeanFactory     : Returning cached instance of singleton bean 'org.springframework.boot.autoconfigure.jackson.JacksonAutoConfiguration$JacksonObjectMapperBuilderConfiguration'
2024-05-31T00:20:35.571+09:00 TRACE 25392 --- [learn-spring-boot] [           main] o.s.b.f.s.DefaultListableBeanFactory     : Returning cached instance of singleton bean 'org.springframework.boot.autoconfigure.jackson.JacksonAutoConfiguration$ParameterNamesModuleConfiguration'
2024-05-31T00:20:35.571+09:00 TRACE 25392 --- [learn-spring-boot] [           main] o.s.b.f.s.DefaultListableBeanFactory     : Returning cached instance of singleton bean 'parameterNamesModule'
2024-05-31T00:20:35.571+09:00 TRACE 25392 --- [learn-spring-boot] [           main] o.s.b.f.s.DefaultListableBeanFactory     : Returning cached instance of singleton bean 'org.springframework.boot.autoconfigure.jackson.JacksonAutoConfiguration$JacksonObjectMapperConfiguration'
2024-05-31T00:20:35.571+09:00 TRACE 25392 --- [learn-spring-boot] [           main] o.s.b.f.s.DefaultListableBeanFactory     : Returning cached instance of singleton bean 'jacksonObjectMapper'
2024-05-31T00:20:35.571+09:00 TRACE 25392 --- [learn-spring-boot] [           main] o.s.b.f.s.DefaultListableBeanFactory     : Returning cached instance of singleton bean 'org.springframework.boot.autoconfigure.jackson.JacksonAutoConfiguration$JacksonMixinConfiguration'
2024-05-31T00:20:35.571+09:00 TRACE 25392 --- [learn-spring-boot] [           main] o.s.b.f.s.DefaultListableBeanFactory     : Returning cached instance of singleton bean 'jsonMixinModuleEntries'
2024-05-31T00:20:35.571+09:00 TRACE 25392 --- [learn-spring-boot] [           main] o.s.b.f.s.DefaultListableBeanFactory     : Returning cached instance of singleton bean 'jsonMixinModule'
2024-05-31T00:20:35.571+09:00 TRACE 25392 --- [learn-spring-boot] [           main] o.s.b.f.s.DefaultListableBeanFactory     : Returning cached instance of singleton bean 'org.springframework.boot.autoconfigure.jackson.JacksonAutoConfiguration'
2024-05-31T00:20:35.571+09:00 TRACE 25392 --- [learn-spring-boot] [           main] o.s.b.f.s.DefaultListableBeanFactory     : Returning cached instance of singleton bean 'jsonComponentModule'
2024-05-31T00:20:35.571+09:00 TRACE 25392 --- [learn-spring-boot] [           main] o.s.b.f.s.DefaultListableBeanFactory     : Returning cached instance of singleton bean 'org.springframework.boot.autoconfigure.context.ConfigurationPropertiesAutoConfiguration'
2024-05-31T00:20:35.571+09:00 TRACE 25392 --- [learn-spring-boot] [           main] o.s.b.f.s.DefaultListableBeanFactory     : Returning cached instance of singleton bean 'org.springframework.boot.autoconfigure.context.LifecycleAutoConfiguration'
2024-05-31T00:20:35.571+09:00 TRACE 25392 --- [learn-spring-boot] [           main] o.s.b.f.s.DefaultListableBeanFactory     : Returning cached instance of singleton bean 'lifecycleProcessor'
2024-05-31T00:20:35.571+09:00 TRACE 25392 --- [learn-spring-boot] [           main] o.s.b.f.s.DefaultListableBeanFactory     : Returning cached instance of singleton bean 'spring.lifecycle-org.springframework.boot.autoconfigure.context.LifecycleProperties'
2024-05-31T00:20:35.571+09:00 TRACE 25392 --- [learn-spring-boot] [           main] o.s.b.f.s.DefaultListableBeanFactory     : Returning cached instance of singleton bean 'org.springframework.boot.autoconfigure.http.HttpMessageConvertersAutoConfiguration$StringHttpMessageConverterConfiguration'
2024-05-31T00:20:35.571+09:00 TRACE 25392 --- [learn-spring-boot] [           main] o.s.b.f.s.DefaultListableBeanFactory     : Returning cached instance of singleton bean 'stringHttpMessageConverter'
2024-05-31T00:20:35.571+09:00 TRACE 25392 --- [learn-spring-boot] [           main] o.s.b.f.s.DefaultListableBeanFactory     : Returning cached instance of singleton bean 'org.springframework.boot.autoconfigure.http.JacksonHttpMessageConvertersConfiguration$MappingJackson2HttpMessageConverterConfiguration'
2024-05-31T00:20:35.571+09:00 TRACE 25392 --- [learn-spring-boot] [           main] o.s.b.f.s.DefaultListableBeanFactory     : Returning cached instance of singleton bean 'mappingJackson2HttpMessageConverter'
2024-05-31T00:20:35.571+09:00 TRACE 25392 --- [learn-spring-boot] [           main] o.s.b.f.s.DefaultListableBeanFactory     : Returning cached instance of singleton bean 'org.springframework.boot.autoconfigure.http.JacksonHttpMessageConvertersConfiguration'
2024-05-31T00:20:35.571+09:00 TRACE 25392 --- [learn-spring-boot] [           main] o.s.b.f.s.DefaultListableBeanFactory     : Returning cached instance of singleton bean 'org.springframework.boot.autoconfigure.http.HttpMessageConvertersAutoConfiguration'
2024-05-31T00:20:35.571+09:00 TRACE 25392 --- [learn-spring-boot] [           main] o.s.b.f.s.DefaultListableBeanFactory     : Returning cached instance of singleton bean 'messageConverters'
2024-05-31T00:20:35.572+09:00 TRACE 25392 --- [learn-spring-boot] [           main] o.s.b.f.s.DefaultListableBeanFactory     : Returning cached instance of singleton bean 'org.springframework.boot.autoconfigure.info.ProjectInfoAutoConfiguration'
2024-05-31T00:20:35.572+09:00 TRACE 25392 --- [learn-spring-boot] [           main] o.s.b.f.s.DefaultListableBeanFactory     : Returning cached instance of singleton bean 'spring.info-org.springframework.boot.autoconfigure.info.ProjectInfoProperties'
2024-05-31T00:20:35.572+09:00 TRACE 25392 --- [learn-spring-boot] [           main] o.s.b.f.s.DefaultListableBeanFactory     : Returning cached instance of singleton bean 'org.springframework.boot.autoconfigure.sql.init.SqlInitializationAutoConfiguration'
2024-05-31T00:20:35.572+09:00 TRACE 25392 --- [learn-spring-boot] [           main] o.s.b.f.s.DefaultListableBeanFactory     : Returning cached instance of singleton bean 'spring.sql.init-org.springframework.boot.autoconfigure.sql.init.SqlInitializationProperties'
2024-05-31T00:20:35.572+09:00 TRACE 25392 --- [learn-spring-boot] [           main] o.s.b.f.s.DefaultListableBeanFactory     : Returning cached instance of singleton bean 'org.springframework.boot.sql.init.dependency.DatabaseInitializationDependencyConfigurer$DependsOnDatabaseInitializationPostProcessor'
2024-05-31T00:20:35.572+09:00 TRACE 25392 --- [learn-spring-boot] [           main] o.s.b.f.s.DefaultListableBeanFactory     : Returning cached instance of singleton bean 'org.springframework.boot.autoconfigure.task.TaskSchedulingConfigurations$ThreadPoolTaskSchedulerBuilderConfiguration'
2024-05-31T00:20:35.572+09:00 TRACE 25392 --- [learn-spring-boot] [           main] o.s.b.f.s.DefaultListableBeanFactory     : Returning cached instance of singleton bean 'threadPoolTaskSchedulerBuilder'
2024-05-31T00:20:35.572+09:00 TRACE 25392 --- [learn-spring-boot] [           main] o.s.b.f.s.DefaultListableBeanFactory     : Returning cached instance of singleton bean 'org.springframework.boot.autoconfigure.task.TaskSchedulingConfigurations$TaskSchedulerBuilderConfiguration'
2024-05-31T00:20:35.572+09:00 TRACE 25392 --- [learn-spring-boot] [           main] o.s.b.f.s.DefaultListableBeanFactory     : Returning cached instance of singleton bean 'taskSchedulerBuilder'
2024-05-31T00:20:35.572+09:00 TRACE 25392 --- [learn-spring-boot] [           main] o.s.b.f.s.DefaultListableBeanFactory     : Returning cached instance of singleton bean 'org.springframework.boot.autoconfigure.task.TaskSchedulingConfigurations$SimpleAsyncTaskSchedulerBuilderConfiguration'
2024-05-31T00:20:35.572+09:00 TRACE 25392 --- [learn-spring-boot] [           main] o.s.b.f.s.DefaultListableBeanFactory     : Returning cached instance of singleton bean 'simpleAsyncTaskSchedulerBuilder'
2024-05-31T00:20:35.572+09:00 TRACE 25392 --- [learn-spring-boot] [           main] o.s.b.f.s.DefaultListableBeanFactory     : Returning cached instance of singleton bean 'org.springframework.boot.autoconfigure.task.TaskSchedulingAutoConfiguration'
2024-05-31T00:20:35.572+09:00 TRACE 25392 --- [learn-spring-boot] [           main] o.s.b.f.s.DefaultListableBeanFactory     : Returning cached instance of singleton bean 'spring.task.scheduling-org.springframework.boot.autoconfigure.task.TaskSchedulingProperties'
2024-05-31T00:20:35.572+09:00 TRACE 25392 --- [learn-spring-boot] [           main] o.s.b.f.s.DefaultListableBeanFactory     : Returning cached instance of singleton bean 'org.springframework.boot.autoconfigure.web.client.RestClientAutoConfiguration'
2024-05-31T00:20:35.572+09:00 TRACE 25392 --- [learn-spring-boot] [           main] o.s.b.f.s.DefaultListableBeanFactory     : Returning cached instance of singleton bean 'httpMessageConvertersRestClientCustomizer'
2024-05-31T00:20:35.572+09:00 TRACE 25392 --- [learn-spring-boot] [           main] o.s.b.f.s.DefaultListableBeanFactory     : Returning cached instance of singleton bean 'restClientSsl'
2024-05-31T00:20:35.572+09:00 TRACE 25392 --- [learn-spring-boot] [           main] o.s.b.f.s.DefaultListableBeanFactory     : Returning cached instance of singleton bean 'restClientBuilderConfigurer'
2024-05-31T00:20:35.572+09:00 TRACE 25392 --- [learn-spring-boot] [           main] o.s.b.f.s.DefaultListableBeanFactory     : Returning cached instance of singleton bean 'org.springframework.boot.autoconfigure.web.client.RestTemplateAutoConfiguration'
2024-05-31T00:20:35.572+09:00 TRACE 25392 --- [learn-spring-boot] [           main] o.s.b.f.s.DefaultListableBeanFactory     : Returning cached instance of singleton bean 'org.springframework.boot.autoconfigure.web.servlet.HttpEncodingAutoConfiguration'
2024-05-31T00:20:35.572+09:00 TRACE 25392 --- [learn-spring-boot] [           main] o.s.b.f.s.DefaultListableBeanFactory     : Returning cached instance of singleton bean 'characterEncodingFilter'
2024-05-31T00:20:35.572+09:00 TRACE 25392 --- [learn-spring-boot] [           main] o.s.b.f.s.DefaultListableBeanFactory     : Returning cached instance of singleton bean 'localeCharsetMappingsCustomizer'
2024-05-31T00:20:35.572+09:00 TRACE 25392 --- [learn-spring-boot] [           main] o.s.b.f.s.DefaultListableBeanFactory     : Returning cached instance of singleton bean 'org.springframework.boot.autoconfigure.web.servlet.MultipartAutoConfiguration'
2024-05-31T00:20:35.572+09:00 TRACE 25392 --- [learn-spring-boot] [           main] o.s.b.f.s.DefaultListableBeanFactory     : Returning cached instance of singleton bean 'multipartConfigElement'
2024-05-31T00:20:35.572+09:00 TRACE 25392 --- [learn-spring-boot] [           main] o.s.b.f.s.DefaultListableBeanFactory     : Returning cached instance of singleton bean 'multipartResolver'
2024-05-31T00:20:35.572+09:00 TRACE 25392 --- [learn-spring-boot] [           main] o.s.b.f.s.DefaultListableBeanFactory     : Returning cached instance of singleton bean 'spring.servlet.multipart-org.springframework.boot.autoconfigure.web.servlet.MultipartProperties'
2024-05-31T00:20:35.572+09:00 TRACE 25392 --- [learn-spring-boot] [           main] o.s.b.f.s.DefaultListableBeanFactory     : Returning cached instance of singleton bean 'org.springframework.aop.config.internalAutoProxyCreator'
2024-05-31T00:20:35.572+09:00 TRACE 25392 --- [learn-spring-boot] [           main] o.s.b.f.s.DefaultListableBeanFactory     : Returning cached instance of singleton bean 'org.springframework.boot.test.mock.mockito.MockitoBeans'
2024-05-31T00:20:35.574+09:00 TRACE 25392 --- [learn-spring-boot] [           main] c.DefaultCacheAwareContextLoaderDelegate : Retrieved ApplicationContext [2035801202] from cache with key [WebMergedContextConfiguration@2676dc05 testClass = com.in28minutes.springboot.learn_spring_boot.LearnSpringBootApplicationTests, locations = [], classes = [com.in28minutes.springboot.learn_spring_boot.LearnSpringBootApplication], contextInitializerClasses = [], activeProfiles = [], propertySourceDescriptors = [], propertySourceProperties = ["org.springframework.boot.test.context.SpringBootTestContextBootstrapper=true"], contextCustomizers = [org.springframework.boot.test.context.filter.ExcludeFilterContextCustomizer@6f204a1a, org.springframework.boot.test.json.DuplicateJsonObjectContextCustomizerFactory$DuplicateJsonObjectContextCustomizer@3cce5371, org.springframework.boot.test.mock.mockito.MockitoContextCustomizer@0, org.springframework.boot.test.web.client.TestRestTemplateContextCustomizer@33ecda92, org.springframework.boot.test.autoconfigure.actuate.observability.ObservabilityContextCustomizerFactory$DisableObservabilityContextCustomizer@1f, org.springframework.boot.test.autoconfigure.properties.PropertyMappingContextCustomizer@0, org.springframework.boot.test.autoconfigure.web.servlet.WebDriverContextCustomizer@69504ae9, org.springframework.boot.test.context.SpringBootTestAnnotation@a71a7ddd], resourceBasePath = "src/main/webapp", contextLoader = org.springframework.boot.test.context.SpringBootContextLoader, parent = null]
2024-05-31T00:20:35.574+09:00 DEBUG 25392 --- [learn-spring-boot] [           main] org.springframework.test.context.cache   : Spring test ApplicationContext cache statistics: [DefaultContextCache@b0a1231 size = 1, maxSize = 32, parentContextCount = 0, hitCount = 11, missCount = 1, failureCount = 0]
2024-05-31T00:20:35.574+09:00 TRACE 25392 --- [learn-spring-boot] [           main] .c.s.DirtiesContextTestExecutionListener : After test method: context [DefaultTestContext@4694f434 testClass = com.in28minutes.springboot.learn_spring_boot.LearnSpringBootApplicationTests, testInstance = com.in28minutes.springboot.learn_spring_boot.LearnSpringBootApplicationTests@56928e17, testMethod = contextLoads(), testException = null, mergedContextConfiguration = [WebMergedContextConfiguration@2676dc05 testClass = com.in28minutes.springboot.learn_spring_boot.LearnSpringBootApplicationTests, locations = [], classes = [com.in28minutes.springboot.learn_spring_boot.LearnSpringBootApplication], contextInitializerClasses = [], activeProfiles = [], propertySourceDescriptors = [], propertySourceProperties = ["org.springframework.boot.test.context.SpringBootTestContextBootstrapper=true"], contextCustomizers = [org.springframework.boot.test.context.filter.ExcludeFilterContextCustomizer@6f204a1a, org.springframework.boot.test.json.DuplicateJsonObjectContextCustomizerFactory$DuplicateJsonObjectContextCustomizer@3cce5371, org.springframework.boot.test.mock.mockito.MockitoContextCustomizer@0, org.springframework.boot.test.web.client.TestRestTemplateContextCustomizer@33ecda92, org.springframework.boot.test.autoconfigure.actuate.observability.ObservabilityContextCustomizerFactory$DisableObservabilityContextCustomizer@1f, org.springframework.boot.test.autoconfigure.properties.PropertyMappingContextCustomizer@0, org.springframework.boot.test.autoconfigure.web.servlet.WebDriverContextCustomizer@69504ae9, org.springframework.boot.test.context.SpringBootTestAnnotation@a71a7ddd], resourceBasePath = "src/main/webapp", contextLoader = org.springframework.boot.test.context.SpringBootContextLoader, parent = null], attributes = {"org.springframework.test.context.web.ServletTestExecutionListener.activateListener" -> true, "org.springframework.test.context.web.ServletTestExecutionListener.populatedRequestContextHolder" -> true, "org.springframework.test.context.web.ServletTestExecutionListener.resetRequestContextHolder" -> true, "org.springframework.test.context.event.ApplicationEventsTestExecutionListener.recordApplicationEvents" -> false}], class annotated with @DirtiesContext [false] with mode [null], method annotated with @DirtiesContext [false] with mode [null]
2024-05-31T00:20:35.575+09:00 TRACE 25392 --- [learn-spring-boot] [           main] o.s.t.c.w.ServletTestExecutionListener   : Resetting RequestContextHolder for test context [DefaultTestContext@4694f434 testClass = com.in28minutes.springboot.learn_spring_boot.LearnSpringBootApplicationTests, testInstance = com.in28minutes.springboot.learn_spring_boot.LearnSpringBootApplicationTests@56928e17, testMethod = contextLoads(), testException = null, mergedContextConfiguration = [WebMergedContextConfiguration@2676dc05 testClass = com.in28minutes.springboot.learn_spring_boot.LearnSpringBootApplicationTests, locations = [], classes = [com.in28minutes.springboot.learn_spring_boot.LearnSpringBootApplication], contextInitializerClasses = [], activeProfiles = [], propertySourceDescriptors = [], propertySourceProperties = ["org.springframework.boot.test.context.SpringBootTestContextBootstrapper=true"], contextCustomizers = [org.springframework.boot.test.context.filter.ExcludeFilterContextCustomizer@6f204a1a, org.springframework.boot.test.json.DuplicateJsonObjectContextCustomizerFactory$DuplicateJsonObjectContextCustomizer@3cce5371, org.springframework.boot.test.mock.mockito.MockitoContextCustomizer@0, org.springframework.boot.test.web.client.TestRestTemplateContextCustomizer@33ecda92, org.springframework.boot.test.autoconfigure.actuate.observability.ObservabilityContextCustomizerFactory$DisableObservabilityContextCustomizer@1f, org.springframework.boot.test.autoconfigure.properties.PropertyMappingContextCustomizer@0, org.springframework.boot.test.autoconfigure.web.servlet.WebDriverContextCustomizer@69504ae9, org.springframework.boot.test.context.SpringBootTestAnnotation@a71a7ddd], resourceBasePath = "src/main/webapp", contextLoader = org.springframework.boot.test.context.SpringBootContextLoader, parent = null], attributes = {"org.springframework.test.context.web.ServletTestExecutionListener.activateListener" -> true, "org.springframework.test.context.web.ServletTestExecutionListener.populatedRequestContextHolder" -> true, "org.springframework.test.context.web.ServletTestExecutionListener.resetRequestContextHolder" -> true, "org.springframework.test.context.event.ApplicationEventsTestExecutionListener.recordApplicationEvents" -> false}]
]]></system-out>
  </testcase>
</testsuite>